ARM GAS  C:\Users\nikod\AppData\Local\Temp\ccZW2Ut4.s 			page 1


   1              		.syntax unified
   2              		.cpu cortex-m3
   3              		.fpu softvfp
   4              		.eabi_attribute 20, 1
   5              		.eabi_attribute 21, 1
   6              		.eabi_attribute 23, 3
   7              		.eabi_attribute 24, 1
   8              		.eabi_attribute 25, 1
   9              		.eabi_attribute 26, 1
  10              		.eabi_attribute 30, 1
  11              		.eabi_attribute 34, 1
  12              		.eabi_attribute 18, 4
  13              		.thumb
  14              		.syntax unified
  15              		.file	"main.c"
  16              		.text
  17              	.Ltext0:
  18              		.cfi_sections	.debug_frame
  19              		.section	.text.ISR_Timer2,"ax",%progbits
  20              		.align	2
  21              		.global	ISR_Timer2
  22              		.thumb
  23              		.thumb_func
  24              		.type	ISR_Timer2, %function
  25              	ISR_Timer2:
  26              	.LFB66:
  27              		.file 1 "main.c"
   1:main.c        **** /* ========================================
   2:main.c        ****  *
   3:main.c        ****  * Copyright YOUR COMPANY, THE YEAR
   4:main.c        ****  * All Rights Reserved
   5:main.c        ****  * UNPUBLISHED, LICENSED SOFTWARE.
   6:main.c        ****  *
   7:main.c        ****  * CONFIDENTIAL AND PROPRIETARY INFORMATION
   8:main.c        ****  * WHICH IS THE PROPERTY OF your company.
   9:main.c        ****  *
  10:main.c        ****  * ========================================
  11:main.c        **** */
  12:main.c        **** #include "project.h"
  13:main.c        **** #include <stdio.h>
  14:main.c        **** #include <stdbool.h>
  15:main.c        **** 
  16:main.c        **** volatile uint16 contd=0;
  17:main.c        **** volatile char cont=0;
  18:main.c        **** uint16 d=0;
  19:main.c        **** float seleccion=5.5;//medida en cm
  20:main.c        **** volatile bool dec=1;
  21:main.c        **** volatile float dising=100;//Distancia Ingresada
  22:main.c        **** volatile uint16 disingaux=0;//distancia tempotal
  23:main.c        **** volatile uint8 de=0;
  24:main.c        **** 
  25:main.c        **** 
  26:main.c        **** void visual(uint8 numero){
  27:main.c        ****     if(numero==10){  
  28:main.c        ****         //Enter
  29:main.c        ****     if(de==0){
  30:main.c        ****         dising=disingaux;
ARM GAS  C:\Users\nikod\AppData\Local\Temp\ccZW2Ut4.s 			page 2


  31:main.c        ****         disingaux=0;
  32:main.c        ****         de=1;
  33:main.c        ****         LCD_Position(1,10);
  34:main.c        ****         LCD_PrintString("    ");
  35:main.c        ****         LCD_Position(1,10);
  36:main.c        ****         LCD_PrintNumber((int)dising);
  37:main.c        ****         }
  38:main.c        ****     }else{
  39:main.c        ****         de=0;
  40:main.c        ****             if(disingaux==0){
  41:main.c        ****                 disingaux=numero;
  42:main.c        ****             }else{
  43:main.c        ****                 disingaux=disingaux*10+numero;
  44:main.c        ****                     if((disingaux>100)&(disingaux>1000)){
  45:main.c        ****                         dising=1000;
  46:main.c        ****                         disingaux=0;
  47:main.c        ****                         de=1;
  48:main.c        ****                     }
  49:main.c        ****                 }
  50:main.c        ****         }
  51:main.c        **** }
  52:main.c        **** 
  53:main.c        **** 
  54:main.c        **** CY_ISR(ISR_Timer){
  55:main.c        ****     if(cont==3){
  56:main.c        ****         cont=0;
  57:main.c        ****     }else{
  58:main.c        ****         cont=cont+1;
  59:main.c        ****     }
  60:main.c        ****     switch(cont){
  61:main.c        ****          case 0:
  62:main.c        ****             P0_Write(0b00001110);
  63:main.c        ****          break;
  64:main.c        ****          case 1:
  65:main.c        ****             P0_Write(0b00001101);
  66:main.c        ****          break;
  67:main.c        ****          case 2:
  68:main.c        ****             P0_Write(0b00001101);
  69:main.c        ****         break;
  70:main.c        ****         default:
  71:main.c        ****             P0_Write(0b00000111);
  72:main.c        ****         break;            
  73:main.c        ****     }   
  74:main.c        **** }
  75:main.c        **** CY_ISR(ISR_Timer2){
  28              		.loc 1 75 0
  29              		.cfi_startproc
  30              		@ args = 0, pretend = 0, frame = 0
  31              		@ frame_needed = 0, uses_anonymous_args = 0
  32              		@ link register save eliminated.
  76:main.c        ****     contd++;//cuenta cada 100us -- la señal va de 100us a 25 ms es decir que el contador debe esta
  33              		.loc 1 76 0
  34 0000 034A     		ldr	r2, .L2
  35 0002 1388     		ldrh	r3, [r2]
  36 0004 9BB2     		uxth	r3, r3
  37 0006 0133     		adds	r3, r3, #1
  38 0008 9BB2     		uxth	r3, r3
ARM GAS  C:\Users\nikod\AppData\Local\Temp\ccZW2Ut4.s 			page 3


  39 000a 1380     		strh	r3, [r2]	@ movhi
  40 000c 7047     		bx	lr
  41              	.L3:
  42 000e 00BF     		.align	2
  43              	.L2:
  44 0010 00000000 		.word	.LANCHOR0
  45              		.cfi_endproc
  46              	.LFE66:
  47              		.size	ISR_Timer2, .-ISR_Timer2
  48              		.section	.text.ISR_Timer,"ax",%progbits
  49              		.align	2
  50              		.global	ISR_Timer
  51              		.thumb
  52              		.thumb_func
  53              		.type	ISR_Timer, %function
  54              	ISR_Timer:
  55              	.LFB65:
  54:main.c        ****     if(cont==3){
  56              		.loc 1 54 0
  57              		.cfi_startproc
  58              		@ args = 0, pretend = 0, frame = 0
  59              		@ frame_needed = 0, uses_anonymous_args = 0
  60 0000 08B5     		push	{r3, lr}
  61              		.cfi_def_cfa_offset 8
  62              		.cfi_offset 3, -8
  63              		.cfi_offset 14, -4
  55:main.c        ****         cont=0;
  64              		.loc 1 55 0
  65 0002 134B     		ldr	r3, .L14
  66 0004 9B78     		ldrb	r3, [r3, #2]	@ zero_extendqisi2
  67 0006 DBB2     		uxtb	r3, r3
  68 0008 032B     		cmp	r3, #3
  69 000a 03D1     		bne	.L5
  56:main.c        ****     }else{
  70              		.loc 1 56 0
  71 000c 0022     		movs	r2, #0
  72 000e 104B     		ldr	r3, .L14
  73 0010 9A70     		strb	r2, [r3, #2]
  74 0012 04E0     		b	.L6
  75              	.L5:
  58:main.c        ****     }
  76              		.loc 1 58 0
  77 0014 0E4A     		ldr	r2, .L14
  78 0016 9378     		ldrb	r3, [r2, #2]	@ zero_extendqisi2
  79 0018 0133     		adds	r3, r3, #1
  80 001a DBB2     		uxtb	r3, r3
  81 001c 9370     		strb	r3, [r2, #2]
  82              	.L6:
  60:main.c        ****          case 0:
  83              		.loc 1 60 0
  84 001e 0C4B     		ldr	r3, .L14
  85 0020 9B78     		ldrb	r3, [r3, #2]	@ zero_extendqisi2
  86 0022 DBB2     		uxtb	r3, r3
  87 0024 012B     		cmp	r3, #1
  88 0026 07D0     		beq	.L8
  89 0028 13B1     		cbz	r3, .L9
  90 002a 022B     		cmp	r3, #2
ARM GAS  C:\Users\nikod\AppData\Local\Temp\ccZW2Ut4.s 			page 4


  91 002c 08D0     		beq	.L10
  92 002e 0BE0     		b	.L12
  93              	.L9:
  62:main.c        ****          break;
  94              		.loc 1 62 0
  95 0030 0E20     		movs	r0, #14
  96 0032 FFF7FEFF 		bl	P0_Write
  97              	.LVL0:
  63:main.c        ****          case 1:
  98              		.loc 1 63 0
  99 0036 08BD     		pop	{r3, pc}
 100              	.L8:
  65:main.c        ****          break;
 101              		.loc 1 65 0
 102 0038 0D20     		movs	r0, #13
 103 003a FFF7FEFF 		bl	P0_Write
 104              	.LVL1:
  66:main.c        ****          case 2:
 105              		.loc 1 66 0
 106 003e 08BD     		pop	{r3, pc}
 107              	.L10:
  68:main.c        ****         break;
 108              		.loc 1 68 0
 109 0040 0D20     		movs	r0, #13
 110 0042 FFF7FEFF 		bl	P0_Write
 111              	.LVL2:
  69:main.c        ****         default:
 112              		.loc 1 69 0
 113 0046 08BD     		pop	{r3, pc}
 114              	.L12:
  71:main.c        ****         break;            
 115              		.loc 1 71 0
 116 0048 0720     		movs	r0, #7
 117 004a FFF7FEFF 		bl	P0_Write
 118              	.LVL3:
 119 004e 08BD     		pop	{r3, pc}
 120              	.L15:
 121              		.align	2
 122              	.L14:
 123 0050 00000000 		.word	.LANCHOR0
 124              		.cfi_endproc
 125              	.LFE65:
 126              		.size	ISR_Timer, .-ISR_Timer
 127              		.global	__aeabi_ui2f
 128              		.global	__aeabi_f2iz
 129              		.section	.text.visual,"ax",%progbits
 130              		.align	2
 131              		.global	visual
 132              		.thumb
 133              		.thumb_func
 134              		.type	visual, %function
 135              	visual:
 136              	.LFB64:
  26:main.c        ****     if(numero==10){  
 137              		.loc 1 26 0
 138              		.cfi_startproc
 139              		@ args = 0, pretend = 0, frame = 0
ARM GAS  C:\Users\nikod\AppData\Local\Temp\ccZW2Ut4.s 			page 5


 140              		@ frame_needed = 0, uses_anonymous_args = 0
 141              	.LVL4:
  27:main.c        ****         //Enter
 142              		.loc 1 27 0
 143 0000 0A28     		cmp	r0, #10
 144 0002 22D1     		bne	.L17
  29:main.c        ****         dising=disingaux;
 145              		.loc 1 29 0
 146 0004 244B     		ldr	r3, .L22
 147 0006 DB78     		ldrb	r3, [r3, #3]	@ zero_extendqisi2
 148 0008 13F0FF0F 		tst	r3, #255
 149 000c 42D1     		bne	.L21
  26:main.c        ****     if(numero==10){  
 150              		.loc 1 26 0
 151 000e 70B5     		push	{r4, r5, r6, lr}
 152              		.cfi_def_cfa_offset 16
 153              		.cfi_offset 4, -16
 154              		.cfi_offset 5, -12
 155              		.cfi_offset 6, -8
 156              		.cfi_offset 14, -4
  30:main.c        ****         disingaux=0;
 157              		.loc 1 30 0
 158 0010 214D     		ldr	r5, .L22
 159 0012 A888     		ldrh	r0, [r5, #4]
 160              	.LVL5:
 161 0014 80B2     		uxth	r0, r0
 162 0016 FFF7FEFF 		bl	__aeabi_ui2f
 163              	.LVL6:
 164 001a 204E     		ldr	r6, .L22+4
 165 001c 3060     		str	r0, [r6]	@ float
  31:main.c        ****         de=1;
 166              		.loc 1 31 0
 167 001e 0023     		movs	r3, #0
 168 0020 AB80     		strh	r3, [r5, #4]	@ movhi
  32:main.c        ****         LCD_Position(1,10);
 169              		.loc 1 32 0
 170 0022 0124     		movs	r4, #1
 171 0024 EC70     		strb	r4, [r5, #3]
  33:main.c        ****         LCD_PrintString("    ");
 172              		.loc 1 33 0
 173 0026 0A21     		movs	r1, #10
 174 0028 2046     		mov	r0, r4
 175 002a FFF7FEFF 		bl	LCD_Position
 176              	.LVL7:
  34:main.c        ****         LCD_Position(1,10);
 177              		.loc 1 34 0
 178 002e 1C48     		ldr	r0, .L22+8
 179 0030 FFF7FEFF 		bl	LCD_PrintString
 180              	.LVL8:
  35:main.c        ****         LCD_PrintNumber((int)dising);
 181              		.loc 1 35 0
 182 0034 0A21     		movs	r1, #10
 183 0036 2046     		mov	r0, r4
 184 0038 FFF7FEFF 		bl	LCD_Position
 185              	.LVL9:
  36:main.c        ****         }
 186              		.loc 1 36 0
ARM GAS  C:\Users\nikod\AppData\Local\Temp\ccZW2Ut4.s 			page 6


 187 003c 3068     		ldr	r0, [r6]	@ float
 188 003e FFF7FEFF 		bl	__aeabi_f2iz
 189              	.LVL10:
 190 0042 80B2     		uxth	r0, r0
 191 0044 FFF7FEFF 		bl	LCD_PrintU32Number
 192              	.LVL11:
 193 0048 70BD     		pop	{r4, r5, r6, pc}
 194              	.LVL12:
 195              	.L17:
 196              		.cfi_def_cfa_offset 0
 197              		.cfi_restore 4
 198              		.cfi_restore 5
 199              		.cfi_restore 6
 200              		.cfi_restore 14
  39:main.c        ****             if(disingaux==0){
 201              		.loc 1 39 0
 202 004a 134B     		ldr	r3, .L22
 203 004c 0022     		movs	r2, #0
 204 004e DA70     		strb	r2, [r3, #3]
  40:main.c        ****                 disingaux=numero;
 205              		.loc 1 40 0
 206 0050 9B88     		ldrh	r3, [r3, #4]
 207 0052 9BB2     		uxth	r3, r3
 208 0054 1BB9     		cbnz	r3, .L19
  41:main.c        ****             }else{
 209              		.loc 1 41 0
 210 0056 80B2     		uxth	r0, r0
 211              	.LVL13:
 212 0058 0F4B     		ldr	r3, .L22
 213 005a 9880     		strh	r0, [r3, #4]	@ movhi
 214 005c 7047     		bx	lr
 215              	.LVL14:
 216              	.L19:
  43:main.c        ****                     if((disingaux>100)&(disingaux>1000)){
 217              		.loc 1 43 0
 218 005e 0E4A     		ldr	r2, .L22
 219 0060 9388     		ldrh	r3, [r2, #4]
 220 0062 9BB2     		uxth	r3, r3
 221 0064 03EB8303 		add	r3, r3, r3, lsl #2
 222 0068 5900     		lsls	r1, r3, #1
 223 006a 0844     		add	r0, r0, r1
 224              	.LVL15:
 225 006c 80B2     		uxth	r0, r0
 226 006e 9080     		strh	r0, [r2, #4]	@ movhi
  44:main.c        ****                         dising=1000;
 227              		.loc 1 44 0
 228 0070 9188     		ldrh	r1, [r2, #4]
 229 0072 89B2     		uxth	r1, r1
 230 0074 9388     		ldrh	r3, [r2, #4]
 231 0076 9BB2     		uxth	r3, r3
 232 0078 6429     		cmp	r1, #100
 233 007a 88BF     		it	hi
 234 007c B3F57A7F 		cmphi	r3, #1000
 235 0080 08D9     		bls	.L21
  45:main.c        ****                         disingaux=0;
 236              		.loc 1 45 0
 237 0082 084A     		ldr	r2, .L22+12
ARM GAS  C:\Users\nikod\AppData\Local\Temp\ccZW2Ut4.s 			page 7


 238 0084 054B     		ldr	r3, .L22+4
 239 0086 1A60     		str	r2, [r3]	@ float
  46:main.c        ****                         de=1;
 240              		.loc 1 46 0
 241 0088 034B     		ldr	r3, .L22
 242 008a 0022     		movs	r2, #0
 243 008c 9A80     		strh	r2, [r3, #4]	@ movhi
  47:main.c        ****                     }
 244              		.loc 1 47 0
 245 008e 0122     		movs	r2, #1
 246 0090 DA70     		strb	r2, [r3, #3]
  51:main.c        **** 
 247              		.loc 1 51 0
 248 0092 7047     		bx	lr
 249              	.L21:
 250 0094 7047     		bx	lr
 251              	.L23:
 252 0096 00BF     		.align	2
 253              	.L22:
 254 0098 00000000 		.word	.LANCHOR0
 255 009c 00000000 		.word	.LANCHOR1
 256 00a0 00000000 		.word	.LC0
 257 00a4 00007A44 		.word	1148846080
 258              		.cfi_endproc
 259              	.LFE64:
 260              		.size	visual, .-visual
 261              		.section	.text.ISR_KEY,"ax",%progbits
 262              		.align	2
 263              		.global	ISR_KEY
 264              		.thumb
 265              		.thumb_func
 266              		.type	ISR_KEY, %function
 267              	ISR_KEY:
 268              	.LFB67:
  77:main.c        **** }
  78:main.c        **** 
  79:main.c        **** 
  80:main.c        **** 
  81:main.c        **** CY_ISR(ISR_KEY){
 269              		.loc 1 81 0
 270              		.cfi_startproc
 271              		@ args = 0, pretend = 0, frame = 0
 272              		@ frame_needed = 0, uses_anonymous_args = 0
 273 0000 08B5     		push	{r3, lr}
 274              		.cfi_def_cfa_offset 8
 275              		.cfi_offset 3, -8
 276              		.cfi_offset 14, -4
  82:main.c        ****    dec=0;//Detiene el timer para que no vuelva a entrar
 277              		.loc 1 82 0
 278 0002 0022     		movs	r2, #0
 279 0004 294B     		ldr	r3, .L39
 280 0006 1A71     		strb	r2, [r3, #4]
  83:main.c        **** switch(Key_Read()) {
 281              		.loc 1 83 0
 282 0008 FFF7FEFF 		bl	Key_Read
 283              	.LVL16:
 284 000c 0738     		subs	r0, r0, #7
ARM GAS  C:\Users\nikod\AppData\Local\Temp\ccZW2Ut4.s 			page 8


 285 000e 0728     		cmp	r0, #7
 286 0010 46D8     		bhi	.L25
 287 0012 DFE800F0 		tbb	[pc, r0]
 288              	.L27:
 289 0016 1B       		.byte	(.L26-.L27)/2
 290 0017 45       		.byte	(.L25-.L27)/2
 291 0018 45       		.byte	(.L25-.L27)/2
 292 0019 45       		.byte	(.L25-.L27)/2
 293 001a 0F       		.byte	(.L28-.L27)/2
 294 001b 45       		.byte	(.L25-.L27)/2
 295 001c 0C       		.byte	(.L29-.L27)/2
 296 001d 04       		.byte	(.L30-.L27)/2
 297              		.p2align 1
 298              	.L30:
  84:main.c        ****         case 0b00001110:
  85:main.c        ****             switch(P0_Read()) {
 299              		.loc 1 85 0
 300 001e FFF7FEFF 		bl	P0_Read
 301              	.LVL17:
 302 0022 0E28     		cmp	r0, #14
 303 0024 3CD1     		bne	.L25
  86:main.c        ****                     case 0xE:
  87:main.c        ****                     visual(4);
 304              		.loc 1 87 0
 305 0026 0420     		movs	r0, #4
 306 0028 FFF7FEFF 		bl	visual
 307              	.LVL18:
  88:main.c        ****                     break;
 308              		.loc 1 88 0
 309 002c 38E0     		b	.L25
 310              	.L29:
  89:main.c        ****                     case 0xD:
  90:main.c        **** 
  91:main.c        ****                     break;
  92:main.c        ****                      case 0xB:
  93:main.c        **** 
  94:main.c        ****                     break;
  95:main.c        ****                     case 0x7:
  96:main.c        ****                     break;
  97:main.c        ****                     default:
  98:main.c        ****                     break;
  99:main.c        ****                 }
 100:main.c        ****                     break;
 101:main.c        ****         case 0b00001101:
 102:main.c        ****             switch(P0_Read()) {
 311              		.loc 1 102 0
 312 002e FFF7FEFF 		bl	P0_Read
 313              	.LVL19:
 314 0032 35E0     		b	.L25
 315              	.L28:
 103:main.c        ****                     case 0xE:
 104:main.c        ****                     break;
 105:main.c        ****                     case 0xD:
 106:main.c        ****                     break;
 107:main.c        ****                     case 0xB:
 108:main.c        ****                     break;
 109:main.c        ****                     case 0x7:
ARM GAS  C:\Users\nikod\AppData\Local\Temp\ccZW2Ut4.s 			page 9


 110:main.c        ****                     break;
 111:main.c        ****                     default:
 112:main.c        ****                     break;   
 113:main.c        ****                 }
 114:main.c        ****                     break;
 115:main.c        ****                 case 0b00001011:            
 116:main.c        ****                     switch(P0_Read()) {
 316              		.loc 1 116 0
 317 0034 FFF7FEFF 		bl	P0_Read
 318              	.LVL20:
 319 0038 0E28     		cmp	r0, #14
 320 003a 31D1     		bne	.L25
 117:main.c        ****                     case 0xE:
 118:main.c        ****                         LCD_Position(1,15);
 321              		.loc 1 118 0
 322 003c 0F21     		movs	r1, #15
 323 003e 0120     		movs	r0, #1
 324 0040 FFF7FEFF 		bl	LCD_Position
 325              	.LVL21:
 119:main.c        ****                         LCD_PrintString("7");
 326              		.loc 1 119 0
 327 0044 1A48     		ldr	r0, .L39+4
 328 0046 FFF7FEFF 		bl	LCD_PrintString
 329              	.LVL22:
 120:main.c        ****                     break;
 330              		.loc 1 120 0
 331 004a 29E0     		b	.L25
 332              	.L26:
 121:main.c        ****                     case 0xD:
 122:main.c        **** 
 123:main.c        ****                     break;
 124:main.c        ****                      case 0xB:
 125:main.c        **** 
 126:main.c        ****                     break;
 127:main.c        ****                     case 0x7:
 128:main.c        **** 
 129:main.c        ****                     break;
 130:main.c        ****                     default:
 131:main.c        ****                     break;   
 132:main.c        ****                 }
 133:main.c        ****                     break;
 134:main.c        ****                 case 0b000000111:
 135:main.c        ****                     switch(P0_Read()) {
 333              		.loc 1 135 0
 334 004c FFF7FEFF 		bl	P0_Read
 335              	.LVL23:
 336 0050 0738     		subs	r0, r0, #7
 337 0052 0728     		cmp	r0, #7
 338 0054 24D8     		bhi	.L25
 339 0056 DFE800F0 		tbb	[pc, r0]
 340              	.L34:
 341 005a 1C       		.byte	(.L33-.L34)/2
 342 005b 23       		.byte	(.L25-.L34)/2
 343 005c 23       		.byte	(.L25-.L34)/2
 344 005d 23       		.byte	(.L25-.L34)/2
 345 005e 14       		.byte	(.L35-.L34)/2
 346 005f 23       		.byte	(.L25-.L34)/2
ARM GAS  C:\Users\nikod\AppData\Local\Temp\ccZW2Ut4.s 			page 10


 347 0060 0C       		.byte	(.L36-.L34)/2
 348 0061 04       		.byte	(.L37-.L34)/2
 349              		.p2align 1
 350              	.L37:
 136:main.c        ****                     case 0xE:
 137:main.c        ****                             LCD_Position(1,15);
 351              		.loc 1 137 0
 352 0062 0F21     		movs	r1, #15
 353 0064 0120     		movs	r0, #1
 354 0066 FFF7FEFF 		bl	LCD_Position
 355              	.LVL24:
 138:main.c        ****                             LCD_PrintString("*");
 356              		.loc 1 138 0
 357 006a 1248     		ldr	r0, .L39+8
 358 006c FFF7FEFF 		bl	LCD_PrintString
 359              	.LVL25:
 139:main.c        ****                     break;
 360              		.loc 1 139 0
 361 0070 16E0     		b	.L25
 362              	.L36:
 140:main.c        ****                     case 0xD:
 141:main.c        ****                             LCD_Position(1,15);
 363              		.loc 1 141 0
 364 0072 0F21     		movs	r1, #15
 365 0074 0120     		movs	r0, #1
 366 0076 FFF7FEFF 		bl	LCD_Position
 367              	.LVL26:
 142:main.c        ****                             LCD_PrintString("0");
 368              		.loc 1 142 0
 369 007a 0F48     		ldr	r0, .L39+12
 370 007c FFF7FEFF 		bl	LCD_PrintString
 371              	.LVL27:
 143:main.c        **** 
 144:main.c        ****                     break;
 372              		.loc 1 144 0
 373 0080 0EE0     		b	.L25
 374              	.L35:
 145:main.c        ****                     case 0xB:                            
 146:main.c        ****                             LCD_Position(1,15);
 375              		.loc 1 146 0
 376 0082 0F21     		movs	r1, #15
 377 0084 0120     		movs	r0, #1
 378 0086 FFF7FEFF 		bl	LCD_Position
 379              	.LVL28:
 147:main.c        ****                             LCD_PrintString("#");
 380              		.loc 1 147 0
 381 008a 0C48     		ldr	r0, .L39+16
 382 008c FFF7FEFF 		bl	LCD_PrintString
 383              	.LVL29:
 148:main.c        ****                     break;
 384              		.loc 1 148 0
 385 0090 06E0     		b	.L25
 386              	.L33:
 149:main.c        ****                     
 150:main.c        ****                     case 0x7:
 151:main.c        ****                             LCD_Position(1,15);
 387              		.loc 1 151 0
ARM GAS  C:\Users\nikod\AppData\Local\Temp\ccZW2Ut4.s 			page 11


 388 0092 0F21     		movs	r1, #15
 389 0094 0120     		movs	r0, #1
 390 0096 FFF7FEFF 		bl	LCD_Position
 391              	.LVL30:
 152:main.c        ****                             LCD_PrintString("D");
 392              		.loc 1 152 0
 393 009a 0948     		ldr	r0, .L39+20
 394 009c FFF7FEFF 		bl	LCD_PrintString
 395              	.LVL31:
 396              	.L25:
 153:main.c        ****                             
 154:main.c        ****                     break;
 155:main.c        ****                     default:
 156:main.c        ****                     break;   
 157:main.c        ****                 }
 158:main.c        ****                     break;
 159:main.c        ****                 default:
 160:main.c        ****                 break;
 161:main.c        ****     }
 162:main.c        **** dec=0;
 397              		.loc 1 162 0
 398 00a0 0022     		movs	r2, #0
 399 00a2 024B     		ldr	r3, .L39
 400 00a4 1A71     		strb	r2, [r3, #4]
 163:main.c        **** Key_ClearInterrupt();
 401              		.loc 1 163 0
 402 00a6 FFF7FEFF 		bl	Key_ClearInterrupt
 403              	.LVL32:
 404 00aa 08BD     		pop	{r3, pc}
 405              	.L40:
 406              		.align	2
 407              	.L39:
 408 00ac 00000000 		.word	.LANCHOR1
 409 00b0 08000000 		.word	.LC1
 410 00b4 0C000000 		.word	.LC2
 411 00b8 10000000 		.word	.LC3
 412 00bc 14000000 		.word	.LC4
 413 00c0 18000000 		.word	.LC5
 414              		.cfi_endproc
 415              	.LFE67:
 416              		.size	ISR_KEY, .-ISR_KEY
 417              		.section	.text.main,"ax",%progbits
 418              		.align	2
 419              		.global	main
 420              		.thumb
 421              		.thumb_func
 422              		.type	main, %function
 423              	main:
 424              	.LFB68:
 164:main.c        **** }
 165:main.c        **** 
 166:main.c        **** 
 167:main.c        **** 
 168:main.c        **** int main(void)
 169:main.c        **** {
 425              		.loc 1 169 0
 426              		.cfi_startproc
ARM GAS  C:\Users\nikod\AppData\Local\Temp\ccZW2Ut4.s 			page 12


 427              		@ Volatile: function does not return.
 428              		@ args = 0, pretend = 0, frame = 0
 429              		@ frame_needed = 0, uses_anonymous_args = 0
 430 0000 08B5     		push	{r3, lr}
 431              		.cfi_def_cfa_offset 8
 432              		.cfi_offset 3, -8
 433              		.cfi_offset 14, -4
 170:main.c        ****     CyGlobalIntEnable; /* Enable global interrupts. */
 434              		.loc 1 170 0
 435              		.syntax unified
 436              	@ 170 "main.c" 1
 437 0002 62B6     		CPSIE   i
 438              	@ 0 "" 2
 171:main.c        ****     ISR_T_1_StartEx(ISR_Timer);
 439              		.loc 1 171 0
 440              		.thumb
 441              		.syntax unified
 442 0004 2248     		ldr	r0, .L46
 443 0006 FFF7FEFF 		bl	ISR_T_1_StartEx
 444              	.LVL33:
 172:main.c        ****     ISR_T_2_StartEx(ISR_Timer2);
 445              		.loc 1 172 0
 446 000a 2248     		ldr	r0, .L46+4
 447 000c FFF7FEFF 		bl	ISR_T_2_StartEx
 448              	.LVL34:
 173:main.c        ****     IRS_key_StartEx(ISR_KEY);
 449              		.loc 1 173 0
 450 0010 2148     		ldr	r0, .L46+8
 451 0012 FFF7FEFF 		bl	IRS_key_StartEx
 452              	.LVL35:
 174:main.c        ****     LCD_Start();
 453              		.loc 1 174 0
 454 0016 FFF7FEFF 		bl	LCD_Start
 455              	.LVL36:
 175:main.c        ****     Timer_Start();
 456              		.loc 1 175 0
 457 001a FFF7FEFF 		bl	Timer_Start
 458              	.LVL37:
 176:main.c        ****     Timer2_Start();
 459              		.loc 1 176 0
 460 001e FFF7FEFF 		bl	Timer2_Start
 461              	.LVL38:
 177:main.c        ****     P0_Write(0b00001111);
 462              		.loc 1 177 0
 463 0022 0F20     		movs	r0, #15
 464 0024 FFF7FEFF 		bl	P0_Write
 465              	.LVL39:
 466              	.L44:
 178:main.c        ****      /* Place your initialization/startup code here (e.g. MyInst_Start()) */
 179:main.c        **** 
 180:main.c        ****     for(;;)
 181:main.c        ****     {
 182:main.c        ****      //Leer dato de sensor y compararlo con el nivel 
 183:main.c        ****         POUT_Write(0); //para generar un pulso limpio ponemos a LOW 4us
 467              		.loc 1 183 0
 468 0028 0020     		movs	r0, #0
 469 002a FFF7FEFF 		bl	POUT_Write
ARM GAS  C:\Users\nikod\AppData\Local\Temp\ccZW2Ut4.s 			page 13


 470              	.LVL40:
 184:main.c        ****         CyDelayUs(4);
 471              		.loc 1 184 0
 472 002e 0420     		movs	r0, #4
 473 0030 FFF7FEFF 		bl	CyDelayUs
 474              	.LVL41:
 185:main.c        ****         POUT_Write(1);  //generamos Trigger (disparo) de 10us
 475              		.loc 1 185 0
 476 0034 0120     		movs	r0, #1
 477 0036 FFF7FEFF 		bl	POUT_Write
 478              	.LVL42:
 186:main.c        ****         CyDelayUs(10);
 479              		.loc 1 186 0
 480 003a 0A20     		movs	r0, #10
 481 003c FFF7FEFF 		bl	CyDelayUs
 482              	.LVL43:
 187:main.c        ****         POUT_Write(0);
 483              		.loc 1 187 0
 484 0040 0020     		movs	r0, #0
 485 0042 FFF7FEFF 		bl	POUT_Write
 486              	.LVL44:
 487              	.L42:
 188:main.c        ****         while(PINT_Read()==0x0);//Espera hasta que llega 1
 488              		.loc 1 188 0 discriminator 1
 489 0046 FFF7FEFF 		bl	PINT_Read
 490              	.LVL45:
 491 004a 0028     		cmp	r0, #0
 492 004c FBD0     		beq	.L42
 189:main.c        ****         contd=0;
 493              		.loc 1 189 0
 494 004e 0022     		movs	r2, #0
 495 0050 124B     		ldr	r3, .L46+12
 496 0052 1A80     		strh	r2, [r3]	@ movhi
 497              	.L43:
 190:main.c        ****         while(PINT_Read()==0x1){        
 498              		.loc 1 190 0 discriminator 1
 499 0054 FFF7FEFF 		bl	PINT_Read
 500              	.LVL46:
 501 0058 0128     		cmp	r0, #1
 502 005a FBD0     		beq	.L43
 191:main.c        ****         }
 192:main.c        ****         LCD_Position(1,6);
 503              		.loc 1 192 0
 504 005c 0621     		movs	r1, #6
 505 005e 0120     		movs	r0, #1
 506 0060 FFF7FEFF 		bl	LCD_Position
 507              	.LVL47:
 193:main.c        ****         LCD_PrintString("S");
 508              		.loc 1 193 0
 509 0064 0E48     		ldr	r0, .L46+16
 510 0066 FFF7FEFF 		bl	LCD_PrintString
 511              	.LVL48:
 194:main.c        ****         //Toma el valor del timer
 195:main.c        ****         d=contd;//25 ms son 423cm --> cuantas veces 100 us son 25ms, serian 250: entonces 250 equiv
 512              		.loc 1 195 0
 513 006a 0C4C     		ldr	r4, .L46+12
 514 006c 2388     		ldrh	r3, [r4]
ARM GAS  C:\Users\nikod\AppData\Local\Temp\ccZW2Ut4.s 			page 14


 515 006e E380     		strh	r3, [r4, #6]	@ movhi
 196:main.c        ****         LCD_Position(0,0);
 516              		.loc 1 196 0
 517 0070 0021     		movs	r1, #0
 518 0072 0846     		mov	r0, r1
 519 0074 FFF7FEFF 		bl	LCD_Position
 520              	.LVL49:
 197:main.c        ****         LCD_PrintNumber(d);
 521              		.loc 1 197 0
 522 0078 E088     		ldrh	r0, [r4, #6]
 523 007a FFF7FEFF 		bl	LCD_PrintU32Number
 524              	.LVL50:
 198:main.c        ****         LCD_Position(1,0);
 525              		.loc 1 198 0
 526 007e 0021     		movs	r1, #0
 527 0080 0120     		movs	r0, #1
 528 0082 FFF7FEFF 		bl	LCD_Position
 529              	.LVL51:
 199:main.c        ****         CyDelay(500);
 530              		.loc 1 199 0
 531 0086 4FF4FA70 		mov	r0, #500
 532 008a FFF7FEFF 		bl	CyDelay
 533              	.LVL52:
 200:main.c        ****                 /*
 201:main.c        ****         if(d>seleccion){
 202:main.c        ****         //Llena 
 203:main.c        ****             Llenar_Write(1);
 204:main.c        ****             
 205:main.c        ****         }else{
 206:main.c        ****          //Vacia
 207:main.c        ****             Vaciar_Write(1);
 208:main.c        ****             
 209:main.c        ****         }*/
 210:main.c        ****         //timer();
 211:main.c        ****     }
 534              		.loc 1 211 0
 535 008e CBE7     		b	.L44
 536              	.L47:
 537              		.align	2
 538              	.L46:
 539 0090 00000000 		.word	ISR_Timer
 540 0094 00000000 		.word	ISR_Timer2
 541 0098 00000000 		.word	ISR_KEY
 542 009c 00000000 		.word	.LANCHOR0
 543 00a0 1C000000 		.word	.LC6
 544              		.cfi_endproc
 545              	.LFE68:
 546              		.size	main, .-main
 547              		.global	de
 548              		.global	disingaux
 549              		.global	dising
 550              		.global	dec
 551              		.global	seleccion
 552              		.global	d
 553              		.global	cont
 554              		.global	contd
 555              		.data
ARM GAS  C:\Users\nikod\AppData\Local\Temp\ccZW2Ut4.s 			page 15


 556              		.align	2
 557              		.set	.LANCHOR1,. + 0
 558              		.type	dising, %object
 559              		.size	dising, 4
 560              	dising:
 561 0000 0000C842 		.word	1120403456
 562              		.type	dec, %object
 563              		.size	dec, 1
 564              	dec:
 565 0004 01       		.byte	1
 566 0005 000000   		.space	3
 567              		.type	seleccion, %object
 568              		.size	seleccion, 4
 569              	seleccion:
 570 0008 0000B040 		.word	1085276160
 571              		.section	.rodata.str1.4,"aMS",%progbits,1
 572              		.align	2
 573              	.LC0:
 574 0000 20202020 		.ascii	"    \000"
 574      00
 575 0005 000000   		.space	3
 576              	.LC1:
 577 0008 3700     		.ascii	"7\000"
 578 000a 0000     		.space	2
 579              	.LC2:
 580 000c 2A00     		.ascii	"*\000"
 581 000e 0000     		.space	2
 582              	.LC3:
 583 0010 3000     		.ascii	"0\000"
 584 0012 0000     		.space	2
 585              	.LC4:
 586 0014 2300     		.ascii	"#\000"
 587 0016 0000     		.space	2
 588              	.LC5:
 589 0018 4400     		.ascii	"D\000"
 590 001a 0000     		.space	2
 591              	.LC6:
 592 001c 5300     		.ascii	"S\000"
 593              		.bss
 594              		.align	1
 595              		.set	.LANCHOR0,. + 0
 596              		.type	contd, %object
 597              		.size	contd, 2
 598              	contd:
 599 0000 0000     		.space	2
 600              		.type	cont, %object
 601              		.size	cont, 1
 602              	cont:
 603 0002 00       		.space	1
 604              		.type	de, %object
 605              		.size	de, 1
 606              	de:
 607 0003 00       		.space	1
 608              		.type	disingaux, %object
 609              		.size	disingaux, 2
 610              	disingaux:
 611 0004 0000     		.space	2
ARM GAS  C:\Users\nikod\AppData\Local\Temp\ccZW2Ut4.s 			page 16


 612              		.type	d, %object
 613              		.size	d, 2
 614              	d:
 615 0006 0000     		.space	2
 616              		.text
 617              	.Letext0:
 618              		.file 2 "c:\\program files (x86)\\cypress\\psoc creator\\4.2\\psoc creator\\import\\gnu\\arm\\5.4.
 619              		.file 3 "c:\\program files (x86)\\cypress\\psoc creator\\4.2\\psoc creator\\import\\gnu\\arm\\5.4.
 620              		.file 4 "Generated_Source\\PSoC5/cytypes.h"
 621              		.file 5 "Generated_Source\\PSoC5/core_cm3.h"
 622              		.file 6 "Generated_Source\\PSoC5/P0.h"
 623              		.file 7 "Generated_Source\\PSoC5/LCD.h"
 624              		.file 8 "Generated_Source\\PSoC5/Key.h"
 625              		.file 9 "Generated_Source\\PSoC5/ISR_T_1.h"
 626              		.file 10 "Generated_Source\\PSoC5/ISR_T_2.h"
 627              		.file 11 "Generated_Source\\PSoC5/IRS_key.h"
 628              		.file 12 "Generated_Source\\PSoC5/Timer.h"
 629              		.file 13 "Generated_Source\\PSoC5/Timer2.h"
 630              		.file 14 "Generated_Source\\PSoC5/POUT.h"
 631              		.file 15 "Generated_Source\\PSoC5/CyLib.h"
 632              		.file 16 "Generated_Source\\PSoC5/PINT.h"
 633              		.section	.debug_info,"",%progbits
 634              	.Ldebug_info0:
 635 0000 D1050000 		.4byte	0x5d1
 636 0004 0400     		.2byte	0x4
 637 0006 00000000 		.4byte	.Ldebug_abbrev0
 638 000a 04       		.byte	0x4
 639 000b 01       		.uleb128 0x1
 640 000c 6F000000 		.4byte	.LASF45
 641 0010 0C       		.byte	0xc
 642 0011 77020000 		.4byte	.LASF46
 643 0015 20010000 		.4byte	.LASF47
 644 0019 00000000 		.4byte	.Ldebug_ranges0+0
 645 001d 00000000 		.4byte	0
 646 0021 00000000 		.4byte	.Ldebug_line0
 647 0025 02       		.uleb128 0x2
 648 0026 01       		.byte	0x1
 649 0027 06       		.byte	0x6
 650 0028 B1020000 		.4byte	.LASF0
 651 002c 02       		.uleb128 0x2
 652 002d 01       		.byte	0x1
 653 002e 08       		.byte	0x8
 654 002f 61000000 		.4byte	.LASF1
 655 0033 02       		.uleb128 0x2
 656 0034 02       		.byte	0x2
 657 0035 05       		.byte	0x5
 658 0036 83020000 		.4byte	.LASF2
 659 003a 02       		.uleb128 0x2
 660 003b 02       		.byte	0x2
 661 003c 07       		.byte	0x7
 662 003d 29000000 		.4byte	.LASF3
 663 0041 03       		.uleb128 0x3
 664 0042 1F000000 		.4byte	.LASF9
 665 0046 02       		.byte	0x2
 666 0047 3F       		.byte	0x3f
 667 0048 4C000000 		.4byte	0x4c
 668 004c 02       		.uleb128 0x2
ARM GAS  C:\Users\nikod\AppData\Local\Temp\ccZW2Ut4.s 			page 17


 669 004d 04       		.byte	0x4
 670 004e 05       		.byte	0x5
 671 004f A3020000 		.4byte	.LASF4
 672 0053 02       		.uleb128 0x2
 673 0054 04       		.byte	0x4
 674 0055 07       		.byte	0x7
 675 0056 FD000000 		.4byte	.LASF5
 676 005a 02       		.uleb128 0x2
 677 005b 08       		.byte	0x8
 678 005c 05       		.byte	0x5
 679 005d 63020000 		.4byte	.LASF6
 680 0061 02       		.uleb128 0x2
 681 0062 08       		.byte	0x8
 682 0063 07       		.byte	0x7
 683 0064 02020000 		.4byte	.LASF7
 684 0068 04       		.uleb128 0x4
 685 0069 04       		.byte	0x4
 686 006a 05       		.byte	0x5
 687 006b 696E7400 		.ascii	"int\000"
 688 006f 02       		.uleb128 0x2
 689 0070 04       		.byte	0x4
 690 0071 07       		.byte	0x7
 691 0072 E8010000 		.4byte	.LASF8
 692 0076 03       		.uleb128 0x3
 693 0077 3C000000 		.4byte	.LASF10
 694 007b 03       		.byte	0x3
 695 007c 2C       		.byte	0x2c
 696 007d 41000000 		.4byte	0x41
 697 0081 05       		.uleb128 0x5
 698 0082 9D020000 		.4byte	.LASF11
 699 0086 04       		.byte	0x4
 700 0087 E401     		.2byte	0x1e4
 701 0089 2C000000 		.4byte	0x2c
 702 008d 05       		.uleb128 0x5
 703 008e 8A010000 		.4byte	.LASF12
 704 0092 04       		.byte	0x4
 705 0093 E501     		.2byte	0x1e5
 706 0095 3A000000 		.4byte	0x3a
 707 0099 02       		.uleb128 0x2
 708 009a 04       		.byte	0x4
 709 009b 04       		.byte	0x4
 710 009c 19000000 		.4byte	.LASF13
 711 00a0 02       		.uleb128 0x2
 712 00a1 08       		.byte	0x8
 713 00a2 04       		.byte	0x4
 714 00a3 83010000 		.4byte	.LASF14
 715 00a7 02       		.uleb128 0x2
 716 00a8 01       		.byte	0x1
 717 00a9 08       		.byte	0x8
 718 00aa 7E020000 		.4byte	.LASF15
 719 00ae 06       		.uleb128 0x6
 720 00af 81000000 		.4byte	0x81
 721 00b3 06       		.uleb128 0x6
 722 00b4 8D000000 		.4byte	0x8d
 723 00b8 02       		.uleb128 0x2
 724 00b9 08       		.byte	0x8
 725 00ba 04       		.byte	0x4
ARM GAS  C:\Users\nikod\AppData\Local\Temp\ccZW2Ut4.s 			page 18


 726 00bb 4E020000 		.4byte	.LASF16
 727 00bf 02       		.uleb128 0x2
 728 00c0 04       		.byte	0x4
 729 00c1 07       		.byte	0x7
 730 00c2 5A020000 		.4byte	.LASF17
 731 00c6 07       		.uleb128 0x7
 732 00c7 44000000 		.4byte	.LASF48
 733 00cb 01       		.byte	0x1
 734 00cc 4B       		.byte	0x4b
 735 00cd 00000000 		.4byte	.LFB66
 736 00d1 14000000 		.4byte	.LFE66-.LFB66
 737 00d5 01       		.uleb128 0x1
 738 00d6 9C       		.byte	0x9c
 739 00d7 08       		.uleb128 0x8
 740 00d8 0F010000 		.4byte	.LASF18
 741 00dc 01       		.byte	0x1
 742 00dd 36       		.byte	0x36
 743 00de 00000000 		.4byte	.LFB65
 744 00e2 54000000 		.4byte	.LFE65-.LFB65
 745 00e6 01       		.uleb128 0x1
 746 00e7 9C       		.byte	0x9c
 747 00e8 35010000 		.4byte	0x135
 748 00ec 09       		.uleb128 0x9
 749 00ed 36000000 		.4byte	.LVL0
 750 00f1 19050000 		.4byte	0x519
 751 00f5 FF000000 		.4byte	0xff
 752 00f9 0A       		.uleb128 0xa
 753 00fa 01       		.uleb128 0x1
 754 00fb 50       		.byte	0x50
 755 00fc 01       		.uleb128 0x1
 756 00fd 3E       		.byte	0x3e
 757 00fe 00       		.byte	0
 758 00ff 09       		.uleb128 0x9
 759 0100 3E000000 		.4byte	.LVL1
 760 0104 19050000 		.4byte	0x519
 761 0108 12010000 		.4byte	0x112
 762 010c 0A       		.uleb128 0xa
 763 010d 01       		.uleb128 0x1
 764 010e 50       		.byte	0x50
 765 010f 01       		.uleb128 0x1
 766 0110 3D       		.byte	0x3d
 767 0111 00       		.byte	0
 768 0112 09       		.uleb128 0x9
 769 0113 46000000 		.4byte	.LVL2
 770 0117 19050000 		.4byte	0x519
 771 011b 25010000 		.4byte	0x125
 772 011f 0A       		.uleb128 0xa
 773 0120 01       		.uleb128 0x1
 774 0121 50       		.byte	0x50
 775 0122 01       		.uleb128 0x1
 776 0123 3D       		.byte	0x3d
 777 0124 00       		.byte	0
 778 0125 0B       		.uleb128 0xb
 779 0126 4E000000 		.4byte	.LVL3
 780 012a 19050000 		.4byte	0x519
 781 012e 0A       		.uleb128 0xa
 782 012f 01       		.uleb128 0x1
ARM GAS  C:\Users\nikod\AppData\Local\Temp\ccZW2Ut4.s 			page 19


 783 0130 50       		.byte	0x50
 784 0131 01       		.uleb128 0x1
 785 0132 37       		.byte	0x37
 786 0133 00       		.byte	0
 787 0134 00       		.byte	0
 788 0135 0C       		.uleb128 0xc
 789 0136 7C010000 		.4byte	.LASF19
 790 013a 01       		.byte	0x1
 791 013b 1A       		.byte	0x1a
 792 013c 00000000 		.4byte	.LFB64
 793 0140 A8000000 		.4byte	.LFE64-.LFB64
 794 0144 01       		.uleb128 0x1
 795 0145 9C       		.byte	0x9c
 796 0146 AC010000 		.4byte	0x1ac
 797 014a 0D       		.uleb128 0xd
 798 014b 19010000 		.4byte	.LASF49
 799 014f 01       		.byte	0x1
 800 0150 1A       		.byte	0x1a
 801 0151 81000000 		.4byte	0x81
 802 0155 00000000 		.4byte	.LLST0
 803 0159 09       		.uleb128 0x9
 804 015a 2E000000 		.4byte	.LVL7
 805 015e 24050000 		.4byte	0x524
 806 0162 72010000 		.4byte	0x172
 807 0166 0A       		.uleb128 0xa
 808 0167 01       		.uleb128 0x1
 809 0168 50       		.byte	0x50
 810 0169 02       		.uleb128 0x2
 811 016a 74       		.byte	0x74
 812 016b 00       		.sleb128 0
 813 016c 0A       		.uleb128 0xa
 814 016d 01       		.uleb128 0x1
 815 016e 51       		.byte	0x51
 816 016f 01       		.uleb128 0x1
 817 0170 3A       		.byte	0x3a
 818 0171 00       		.byte	0
 819 0172 09       		.uleb128 0x9
 820 0173 34000000 		.4byte	.LVL8
 821 0177 2F050000 		.4byte	0x52f
 822 017b 89010000 		.4byte	0x189
 823 017f 0A       		.uleb128 0xa
 824 0180 01       		.uleb128 0x1
 825 0181 50       		.byte	0x50
 826 0182 05       		.uleb128 0x5
 827 0183 03       		.byte	0x3
 828 0184 00000000 		.4byte	.LC0
 829 0188 00       		.byte	0
 830 0189 09       		.uleb128 0x9
 831 018a 3C000000 		.4byte	.LVL9
 832 018e 24050000 		.4byte	0x524
 833 0192 A2010000 		.4byte	0x1a2
 834 0196 0A       		.uleb128 0xa
 835 0197 01       		.uleb128 0x1
 836 0198 50       		.byte	0x50
 837 0199 02       		.uleb128 0x2
 838 019a 74       		.byte	0x74
 839 019b 00       		.sleb128 0
ARM GAS  C:\Users\nikod\AppData\Local\Temp\ccZW2Ut4.s 			page 20


 840 019c 0A       		.uleb128 0xa
 841 019d 01       		.uleb128 0x1
 842 019e 51       		.byte	0x51
 843 019f 01       		.uleb128 0x1
 844 01a0 3A       		.byte	0x3a
 845 01a1 00       		.byte	0
 846 01a2 0E       		.uleb128 0xe
 847 01a3 48000000 		.4byte	.LVL11
 848 01a7 3A050000 		.4byte	0x53a
 849 01ab 00       		.byte	0
 850 01ac 08       		.uleb128 0x8
 851 01ad 4F000000 		.4byte	.LASF20
 852 01b1 01       		.byte	0x1
 853 01b2 51       		.byte	0x51
 854 01b3 00000000 		.4byte	.LFB67
 855 01b7 C4000000 		.4byte	.LFE67-.LFB67
 856 01bb 01       		.uleb128 0x1
 857 01bc 9C       		.byte	0x9c
 858 01bd F6020000 		.4byte	0x2f6
 859 01c1 0E       		.uleb128 0xe
 860 01c2 0C000000 		.4byte	.LVL16
 861 01c6 45050000 		.4byte	0x545
 862 01ca 0E       		.uleb128 0xe
 863 01cb 22000000 		.4byte	.LVL17
 864 01cf 50050000 		.4byte	0x550
 865 01d3 09       		.uleb128 0x9
 866 01d4 2C000000 		.4byte	.LVL18
 867 01d8 35010000 		.4byte	0x135
 868 01dc E6010000 		.4byte	0x1e6
 869 01e0 0A       		.uleb128 0xa
 870 01e1 01       		.uleb128 0x1
 871 01e2 50       		.byte	0x50
 872 01e3 01       		.uleb128 0x1
 873 01e4 34       		.byte	0x34
 874 01e5 00       		.byte	0
 875 01e6 0E       		.uleb128 0xe
 876 01e7 32000000 		.4byte	.LVL19
 877 01eb 50050000 		.4byte	0x550
 878 01ef 0E       		.uleb128 0xe
 879 01f0 38000000 		.4byte	.LVL20
 880 01f4 50050000 		.4byte	0x550
 881 01f8 09       		.uleb128 0x9
 882 01f9 44000000 		.4byte	.LVL21
 883 01fd 24050000 		.4byte	0x524
 884 0201 10020000 		.4byte	0x210
 885 0205 0A       		.uleb128 0xa
 886 0206 01       		.uleb128 0x1
 887 0207 50       		.byte	0x50
 888 0208 01       		.uleb128 0x1
 889 0209 31       		.byte	0x31
 890 020a 0A       		.uleb128 0xa
 891 020b 01       		.uleb128 0x1
 892 020c 51       		.byte	0x51
 893 020d 01       		.uleb128 0x1
 894 020e 3F       		.byte	0x3f
 895 020f 00       		.byte	0
 896 0210 09       		.uleb128 0x9
ARM GAS  C:\Users\nikod\AppData\Local\Temp\ccZW2Ut4.s 			page 21


 897 0211 4A000000 		.4byte	.LVL22
 898 0215 2F050000 		.4byte	0x52f
 899 0219 27020000 		.4byte	0x227
 900 021d 0A       		.uleb128 0xa
 901 021e 01       		.uleb128 0x1
 902 021f 50       		.byte	0x50
 903 0220 05       		.uleb128 0x5
 904 0221 03       		.byte	0x3
 905 0222 08000000 		.4byte	.LC1
 906 0226 00       		.byte	0
 907 0227 0E       		.uleb128 0xe
 908 0228 50000000 		.4byte	.LVL23
 909 022c 50050000 		.4byte	0x550
 910 0230 09       		.uleb128 0x9
 911 0231 6A000000 		.4byte	.LVL24
 912 0235 24050000 		.4byte	0x524
 913 0239 48020000 		.4byte	0x248
 914 023d 0A       		.uleb128 0xa
 915 023e 01       		.uleb128 0x1
 916 023f 50       		.byte	0x50
 917 0240 01       		.uleb128 0x1
 918 0241 31       		.byte	0x31
 919 0242 0A       		.uleb128 0xa
 920 0243 01       		.uleb128 0x1
 921 0244 51       		.byte	0x51
 922 0245 01       		.uleb128 0x1
 923 0246 3F       		.byte	0x3f
 924 0247 00       		.byte	0
 925 0248 09       		.uleb128 0x9
 926 0249 70000000 		.4byte	.LVL25
 927 024d 2F050000 		.4byte	0x52f
 928 0251 5F020000 		.4byte	0x25f
 929 0255 0A       		.uleb128 0xa
 930 0256 01       		.uleb128 0x1
 931 0257 50       		.byte	0x50
 932 0258 05       		.uleb128 0x5
 933 0259 03       		.byte	0x3
 934 025a 0C000000 		.4byte	.LC2
 935 025e 00       		.byte	0
 936 025f 09       		.uleb128 0x9
 937 0260 7A000000 		.4byte	.LVL26
 938 0264 24050000 		.4byte	0x524
 939 0268 77020000 		.4byte	0x277
 940 026c 0A       		.uleb128 0xa
 941 026d 01       		.uleb128 0x1
 942 026e 50       		.byte	0x50
 943 026f 01       		.uleb128 0x1
 944 0270 31       		.byte	0x31
 945 0271 0A       		.uleb128 0xa
 946 0272 01       		.uleb128 0x1
 947 0273 51       		.byte	0x51
 948 0274 01       		.uleb128 0x1
 949 0275 3F       		.byte	0x3f
 950 0276 00       		.byte	0
 951 0277 09       		.uleb128 0x9
 952 0278 80000000 		.4byte	.LVL27
 953 027c 2F050000 		.4byte	0x52f
ARM GAS  C:\Users\nikod\AppData\Local\Temp\ccZW2Ut4.s 			page 22


 954 0280 8E020000 		.4byte	0x28e
 955 0284 0A       		.uleb128 0xa
 956 0285 01       		.uleb128 0x1
 957 0286 50       		.byte	0x50
 958 0287 05       		.uleb128 0x5
 959 0288 03       		.byte	0x3
 960 0289 10000000 		.4byte	.LC3
 961 028d 00       		.byte	0
 962 028e 09       		.uleb128 0x9
 963 028f 8A000000 		.4byte	.LVL28
 964 0293 24050000 		.4byte	0x524
 965 0297 A6020000 		.4byte	0x2a6
 966 029b 0A       		.uleb128 0xa
 967 029c 01       		.uleb128 0x1
 968 029d 50       		.byte	0x50
 969 029e 01       		.uleb128 0x1
 970 029f 31       		.byte	0x31
 971 02a0 0A       		.uleb128 0xa
 972 02a1 01       		.uleb128 0x1
 973 02a2 51       		.byte	0x51
 974 02a3 01       		.uleb128 0x1
 975 02a4 3F       		.byte	0x3f
 976 02a5 00       		.byte	0
 977 02a6 09       		.uleb128 0x9
 978 02a7 90000000 		.4byte	.LVL29
 979 02ab 2F050000 		.4byte	0x52f
 980 02af BD020000 		.4byte	0x2bd
 981 02b3 0A       		.uleb128 0xa
 982 02b4 01       		.uleb128 0x1
 983 02b5 50       		.byte	0x50
 984 02b6 05       		.uleb128 0x5
 985 02b7 03       		.byte	0x3
 986 02b8 14000000 		.4byte	.LC4
 987 02bc 00       		.byte	0
 988 02bd 09       		.uleb128 0x9
 989 02be 9A000000 		.4byte	.LVL30
 990 02c2 24050000 		.4byte	0x524
 991 02c6 D5020000 		.4byte	0x2d5
 992 02ca 0A       		.uleb128 0xa
 993 02cb 01       		.uleb128 0x1
 994 02cc 50       		.byte	0x50
 995 02cd 01       		.uleb128 0x1
 996 02ce 31       		.byte	0x31
 997 02cf 0A       		.uleb128 0xa
 998 02d0 01       		.uleb128 0x1
 999 02d1 51       		.byte	0x51
 1000 02d2 01       		.uleb128 0x1
 1001 02d3 3F       		.byte	0x3f
 1002 02d4 00       		.byte	0
 1003 02d5 09       		.uleb128 0x9
 1004 02d6 A0000000 		.4byte	.LVL31
 1005 02da 2F050000 		.4byte	0x52f
 1006 02de EC020000 		.4byte	0x2ec
 1007 02e2 0A       		.uleb128 0xa
 1008 02e3 01       		.uleb128 0x1
 1009 02e4 50       		.byte	0x50
 1010 02e5 05       		.uleb128 0x5
ARM GAS  C:\Users\nikod\AppData\Local\Temp\ccZW2Ut4.s 			page 23


 1011 02e6 03       		.byte	0x3
 1012 02e7 18000000 		.4byte	.LC5
 1013 02eb 00       		.byte	0
 1014 02ec 0E       		.uleb128 0xe
 1015 02ed AA000000 		.4byte	.LVL32
 1016 02f1 5B050000 		.4byte	0x55b
 1017 02f5 00       		.byte	0
 1018 02f6 0F       		.uleb128 0xf
 1019 02f7 A1010000 		.4byte	.LASF50
 1020 02fb 01       		.byte	0x1
 1021 02fc A8       		.byte	0xa8
 1022 02fd 68000000 		.4byte	0x68
 1023 0301 00000000 		.4byte	.LFB68
 1024 0305 A4000000 		.4byte	.LFE68-.LFB68
 1025 0309 01       		.uleb128 0x1
 1026 030a 9C       		.byte	0x9c
 1027 030b 6D040000 		.4byte	0x46d
 1028 030f 09       		.uleb128 0x9
 1029 0310 0A000000 		.4byte	.LVL33
 1030 0314 66050000 		.4byte	0x566
 1031 0318 26030000 		.4byte	0x326
 1032 031c 0A       		.uleb128 0xa
 1033 031d 01       		.uleb128 0x1
 1034 031e 50       		.byte	0x50
 1035 031f 05       		.uleb128 0x5
 1036 0320 03       		.byte	0x3
 1037 0321 00000000 		.4byte	ISR_Timer
 1038 0325 00       		.byte	0
 1039 0326 09       		.uleb128 0x9
 1040 0327 10000000 		.4byte	.LVL34
 1041 032b 71050000 		.4byte	0x571
 1042 032f 3D030000 		.4byte	0x33d
 1043 0333 0A       		.uleb128 0xa
 1044 0334 01       		.uleb128 0x1
 1045 0335 50       		.byte	0x50
 1046 0336 05       		.uleb128 0x5
 1047 0337 03       		.byte	0x3
 1048 0338 00000000 		.4byte	ISR_Timer2
 1049 033c 00       		.byte	0
 1050 033d 09       		.uleb128 0x9
 1051 033e 16000000 		.4byte	.LVL35
 1052 0342 7C050000 		.4byte	0x57c
 1053 0346 54030000 		.4byte	0x354
 1054 034a 0A       		.uleb128 0xa
 1055 034b 01       		.uleb128 0x1
 1056 034c 50       		.byte	0x50
 1057 034d 05       		.uleb128 0x5
 1058 034e 03       		.byte	0x3
 1059 034f 00000000 		.4byte	ISR_KEY
 1060 0353 00       		.byte	0
 1061 0354 0E       		.uleb128 0xe
 1062 0355 1A000000 		.4byte	.LVL36
 1063 0359 87050000 		.4byte	0x587
 1064 035d 0E       		.uleb128 0xe
 1065 035e 1E000000 		.4byte	.LVL37
 1066 0362 92050000 		.4byte	0x592
 1067 0366 0E       		.uleb128 0xe
ARM GAS  C:\Users\nikod\AppData\Local\Temp\ccZW2Ut4.s 			page 24


 1068 0367 22000000 		.4byte	.LVL38
 1069 036b 9D050000 		.4byte	0x59d
 1070 036f 09       		.uleb128 0x9
 1071 0370 28000000 		.4byte	.LVL39
 1072 0374 19050000 		.4byte	0x519
 1073 0378 82030000 		.4byte	0x382
 1074 037c 0A       		.uleb128 0xa
 1075 037d 01       		.uleb128 0x1
 1076 037e 50       		.byte	0x50
 1077 037f 01       		.uleb128 0x1
 1078 0380 3F       		.byte	0x3f
 1079 0381 00       		.byte	0
 1080 0382 09       		.uleb128 0x9
 1081 0383 2E000000 		.4byte	.LVL40
 1082 0387 A8050000 		.4byte	0x5a8
 1083 038b 95030000 		.4byte	0x395
 1084 038f 0A       		.uleb128 0xa
 1085 0390 01       		.uleb128 0x1
 1086 0391 50       		.byte	0x50
 1087 0392 01       		.uleb128 0x1
 1088 0393 30       		.byte	0x30
 1089 0394 00       		.byte	0
 1090 0395 09       		.uleb128 0x9
 1091 0396 34000000 		.4byte	.LVL41
 1092 039a B3050000 		.4byte	0x5b3
 1093 039e A8030000 		.4byte	0x3a8
 1094 03a2 0A       		.uleb128 0xa
 1095 03a3 01       		.uleb128 0x1
 1096 03a4 50       		.byte	0x50
 1097 03a5 01       		.uleb128 0x1
 1098 03a6 34       		.byte	0x34
 1099 03a7 00       		.byte	0
 1100 03a8 09       		.uleb128 0x9
 1101 03a9 3A000000 		.4byte	.LVL42
 1102 03ad A8050000 		.4byte	0x5a8
 1103 03b1 BB030000 		.4byte	0x3bb
 1104 03b5 0A       		.uleb128 0xa
 1105 03b6 01       		.uleb128 0x1
 1106 03b7 50       		.byte	0x50
 1107 03b8 01       		.uleb128 0x1
 1108 03b9 31       		.byte	0x31
 1109 03ba 00       		.byte	0
 1110 03bb 09       		.uleb128 0x9
 1111 03bc 40000000 		.4byte	.LVL43
 1112 03c0 B3050000 		.4byte	0x5b3
 1113 03c4 CE030000 		.4byte	0x3ce
 1114 03c8 0A       		.uleb128 0xa
 1115 03c9 01       		.uleb128 0x1
 1116 03ca 50       		.byte	0x50
 1117 03cb 01       		.uleb128 0x1
 1118 03cc 3A       		.byte	0x3a
 1119 03cd 00       		.byte	0
 1120 03ce 09       		.uleb128 0x9
 1121 03cf 46000000 		.4byte	.LVL44
 1122 03d3 A8050000 		.4byte	0x5a8
 1123 03d7 E1030000 		.4byte	0x3e1
 1124 03db 0A       		.uleb128 0xa
ARM GAS  C:\Users\nikod\AppData\Local\Temp\ccZW2Ut4.s 			page 25


 1125 03dc 01       		.uleb128 0x1
 1126 03dd 50       		.byte	0x50
 1127 03de 01       		.uleb128 0x1
 1128 03df 30       		.byte	0x30
 1129 03e0 00       		.byte	0
 1130 03e1 0E       		.uleb128 0xe
 1131 03e2 4A000000 		.4byte	.LVL45
 1132 03e6 BE050000 		.4byte	0x5be
 1133 03ea 0E       		.uleb128 0xe
 1134 03eb 58000000 		.4byte	.LVL46
 1135 03ef BE050000 		.4byte	0x5be
 1136 03f3 09       		.uleb128 0x9
 1137 03f4 64000000 		.4byte	.LVL47
 1138 03f8 24050000 		.4byte	0x524
 1139 03fc 0B040000 		.4byte	0x40b
 1140 0400 0A       		.uleb128 0xa
 1141 0401 01       		.uleb128 0x1
 1142 0402 50       		.byte	0x50
 1143 0403 01       		.uleb128 0x1
 1144 0404 31       		.byte	0x31
 1145 0405 0A       		.uleb128 0xa
 1146 0406 01       		.uleb128 0x1
 1147 0407 51       		.byte	0x51
 1148 0408 01       		.uleb128 0x1
 1149 0409 36       		.byte	0x36
 1150 040a 00       		.byte	0
 1151 040b 09       		.uleb128 0x9
 1152 040c 6A000000 		.4byte	.LVL48
 1153 0410 2F050000 		.4byte	0x52f
 1154 0414 22040000 		.4byte	0x422
 1155 0418 0A       		.uleb128 0xa
 1156 0419 01       		.uleb128 0x1
 1157 041a 50       		.byte	0x50
 1158 041b 05       		.uleb128 0x5
 1159 041c 03       		.byte	0x3
 1160 041d 1C000000 		.4byte	.LC6
 1161 0421 00       		.byte	0
 1162 0422 09       		.uleb128 0x9
 1163 0423 78000000 		.4byte	.LVL49
 1164 0427 24050000 		.4byte	0x524
 1165 042b 3A040000 		.4byte	0x43a
 1166 042f 0A       		.uleb128 0xa
 1167 0430 01       		.uleb128 0x1
 1168 0431 50       		.byte	0x50
 1169 0432 01       		.uleb128 0x1
 1170 0433 30       		.byte	0x30
 1171 0434 0A       		.uleb128 0xa
 1172 0435 01       		.uleb128 0x1
 1173 0436 51       		.byte	0x51
 1174 0437 01       		.uleb128 0x1
 1175 0438 30       		.byte	0x30
 1176 0439 00       		.byte	0
 1177 043a 0E       		.uleb128 0xe
 1178 043b 7E000000 		.4byte	.LVL50
 1179 043f 3A050000 		.4byte	0x53a
 1180 0443 09       		.uleb128 0x9
 1181 0444 86000000 		.4byte	.LVL51
ARM GAS  C:\Users\nikod\AppData\Local\Temp\ccZW2Ut4.s 			page 26


 1182 0448 24050000 		.4byte	0x524
 1183 044c 5B040000 		.4byte	0x45b
 1184 0450 0A       		.uleb128 0xa
 1185 0451 01       		.uleb128 0x1
 1186 0452 50       		.byte	0x50
 1187 0453 01       		.uleb128 0x1
 1188 0454 31       		.byte	0x31
 1189 0455 0A       		.uleb128 0xa
 1190 0456 01       		.uleb128 0x1
 1191 0457 51       		.byte	0x51
 1192 0458 01       		.uleb128 0x1
 1193 0459 30       		.byte	0x30
 1194 045a 00       		.byte	0
 1195 045b 0B       		.uleb128 0xb
 1196 045c 8E000000 		.4byte	.LVL52
 1197 0460 C9050000 		.4byte	0x5c9
 1198 0464 0A       		.uleb128 0xa
 1199 0465 01       		.uleb128 0x1
 1200 0466 50       		.byte	0x50
 1201 0467 03       		.uleb128 0x3
 1202 0468 0A       		.byte	0xa
 1203 0469 F401     		.2byte	0x1f4
 1204 046b 00       		.byte	0
 1205 046c 00       		.byte	0
 1206 046d 10       		.uleb128 0x10
 1207 046e 5F010000 		.4byte	.LASF21
 1208 0472 05       		.byte	0x5
 1209 0473 1207     		.2byte	0x712
 1210 0475 79040000 		.4byte	0x479
 1211 0479 06       		.uleb128 0x6
 1212 047a 76000000 		.4byte	0x76
 1213 047e 11       		.uleb128 0x11
 1214 047f 71020000 		.4byte	.LASF22
 1215 0483 01       		.byte	0x1
 1216 0484 10       		.byte	0x10
 1217 0485 B3000000 		.4byte	0xb3
 1218 0489 05       		.uleb128 0x5
 1219 048a 03       		.byte	0x3
 1220 048b 00000000 		.4byte	contd
 1221 048f 11       		.uleb128 0x11
 1222 0490 AC020000 		.4byte	.LASF23
 1223 0494 01       		.byte	0x1
 1224 0495 11       		.byte	0x11
 1225 0496 A0040000 		.4byte	0x4a0
 1226 049a 05       		.uleb128 0x5
 1227 049b 03       		.byte	0x3
 1228 049c 00000000 		.4byte	cont
 1229 04a0 06       		.uleb128 0x6
 1230 04a1 A7000000 		.4byte	0xa7
 1231 04a5 12       		.uleb128 0x12
 1232 04a6 6400     		.ascii	"d\000"
 1233 04a8 01       		.byte	0x1
 1234 04a9 12       		.byte	0x12
 1235 04aa 8D000000 		.4byte	0x8d
 1236 04ae 05       		.uleb128 0x5
 1237 04af 03       		.byte	0x3
 1238 04b0 00000000 		.4byte	d
ARM GAS  C:\Users\nikod\AppData\Local\Temp\ccZW2Ut4.s 			page 27


 1239 04b4 11       		.uleb128 0x11
 1240 04b5 39020000 		.4byte	.LASF24
 1241 04b9 01       		.byte	0x1
 1242 04ba 13       		.byte	0x13
 1243 04bb 99000000 		.4byte	0x99
 1244 04bf 05       		.uleb128 0x5
 1245 04c0 03       		.byte	0x3
 1246 04c1 00000000 		.4byte	seleccion
 1247 04c5 12       		.uleb128 0x12
 1248 04c6 64656300 		.ascii	"dec\000"
 1249 04ca 01       		.byte	0x1
 1250 04cb 14       		.byte	0x14
 1251 04cc DD040000 		.4byte	0x4dd
 1252 04d0 05       		.uleb128 0x5
 1253 04d1 03       		.byte	0x3
 1254 04d2 00000000 		.4byte	dec
 1255 04d6 02       		.uleb128 0x2
 1256 04d7 01       		.byte	0x1
 1257 04d8 02       		.byte	0x2
 1258 04d9 BD020000 		.4byte	.LASF25
 1259 04dd 06       		.uleb128 0x6
 1260 04de D6040000 		.4byte	0x4d6
 1261 04e2 11       		.uleb128 0x11
 1262 04e3 08000000 		.4byte	.LASF26
 1263 04e7 01       		.byte	0x1
 1264 04e8 15       		.byte	0x15
 1265 04e9 F3040000 		.4byte	0x4f3
 1266 04ed 05       		.uleb128 0x5
 1267 04ee 03       		.byte	0x3
 1268 04ef 00000000 		.4byte	dising
 1269 04f3 06       		.uleb128 0x6
 1270 04f4 99000000 		.4byte	0x99
 1271 04f8 11       		.uleb128 0x11
 1272 04f9 D4020000 		.4byte	.LASF27
 1273 04fd 01       		.byte	0x1
 1274 04fe 16       		.byte	0x16
 1275 04ff B3000000 		.4byte	0xb3
 1276 0503 05       		.uleb128 0x5
 1277 0504 03       		.byte	0x3
 1278 0505 00000000 		.4byte	disingaux
 1279 0509 12       		.uleb128 0x12
 1280 050a 646500   		.ascii	"de\000"
 1281 050d 01       		.byte	0x1
 1282 050e 17       		.byte	0x17
 1283 050f AE000000 		.4byte	0xae
 1284 0513 05       		.uleb128 0x5
 1285 0514 03       		.byte	0x3
 1286 0515 00000000 		.4byte	de
 1287 0519 13       		.uleb128 0x13
 1288 051a D3010000 		.4byte	.LASF28
 1289 051e D3010000 		.4byte	.LASF28
 1290 0522 06       		.byte	0x6
 1291 0523 26       		.byte	0x26
 1292 0524 13       		.uleb128 0x13
 1293 0525 19020000 		.4byte	.LASF29
 1294 0529 19020000 		.4byte	.LASF29
 1295 052d 07       		.byte	0x7
ARM GAS  C:\Users\nikod\AppData\Local\Temp\ccZW2Ut4.s 			page 28


 1296 052e 3D       		.byte	0x3d
 1297 052f 13       		.uleb128 0x13
 1298 0530 B9010000 		.4byte	.LASF30
 1299 0534 B9010000 		.4byte	.LASF30
 1300 0538 07       		.byte	0x7
 1301 0539 3C       		.byte	0x3c
 1302 053a 13       		.uleb128 0x13
 1303 053b 26020000 		.4byte	.LASF31
 1304 053f 26020000 		.4byte	.LASF31
 1305 0543 07       		.byte	0x7
 1306 0544 61       		.byte	0x61
 1307 0545 13       		.uleb128 0x13
 1308 0546 CB020000 		.4byte	.LASF32
 1309 054a CB020000 		.4byte	.LASF32
 1310 054e 08       		.byte	0x8
 1311 054f 29       		.byte	0x29
 1312 0550 13       		.uleb128 0x13
 1313 0551 00000000 		.4byte	.LASF33
 1314 0555 00000000 		.4byte	.LASF33
 1315 0559 06       		.byte	0x6
 1316 055a 29       		.byte	0x29
 1317 055b 13       		.uleb128 0x13
 1318 055c A6010000 		.4byte	.LASF34
 1319 0560 A6010000 		.4byte	.LASF34
 1320 0564 08       		.byte	0x8
 1321 0565 2B       		.byte	0x2b
 1322 0566 13       		.uleb128 0x13
 1323 0567 6C010000 		.4byte	.LASF35
 1324 056b 6C010000 		.4byte	.LASF35
 1325 056f 09       		.byte	0x9
 1326 0570 18       		.byte	0x18
 1327 0571 13       		.uleb128 0x13
 1328 0572 8D020000 		.4byte	.LASF36
 1329 0576 8D020000 		.4byte	.LASF36
 1330 057a 0A       		.byte	0xa
 1331 057b 18       		.byte	0x18
 1332 057c 13       		.uleb128 0x13
 1333 057d 91010000 		.4byte	.LASF37
 1334 0581 91010000 		.4byte	.LASF37
 1335 0585 0B       		.byte	0xb
 1336 0586 18       		.byte	0x18
 1337 0587 13       		.uleb128 0x13
 1338 0588 57000000 		.4byte	.LASF38
 1339 058c 57000000 		.4byte	.LASF38
 1340 0590 07       		.byte	0x7
 1341 0591 38       		.byte	0x38
 1342 0592 13       		.uleb128 0x13
 1343 0593 DC010000 		.4byte	.LASF39
 1344 0597 DC010000 		.4byte	.LASF39
 1345 059b 0C       		.byte	0xc
 1346 059c 5A       		.byte	0x5a
 1347 059d 13       		.uleb128 0x13
 1348 059e F5010000 		.4byte	.LASF40
 1349 05a2 F5010000 		.4byte	.LASF40
 1350 05a6 0D       		.byte	0xd
 1351 05a7 5A       		.byte	0x5a
 1352 05a8 13       		.uleb128 0x13
ARM GAS  C:\Users\nikod\AppData\Local\Temp\ccZW2Ut4.s 			page 29


 1353 05a9 43020000 		.4byte	.LASF41
 1354 05ad 43020000 		.4byte	.LASF41
 1355 05b1 0E       		.byte	0xe
 1356 05b2 26       		.byte	0x26
 1357 05b3 13       		.uleb128 0x13
 1358 05b4 C9010000 		.4byte	.LASF42
 1359 05b8 C9010000 		.4byte	.LASF42
 1360 05bc 0F       		.byte	0xf
 1361 05bd 77       		.byte	0x77
 1362 05be 13       		.uleb128 0x13
 1363 05bf 0F000000 		.4byte	.LASF43
 1364 05c3 0F000000 		.4byte	.LASF43
 1365 05c7 10       		.byte	0x10
 1366 05c8 29       		.byte	0x29
 1367 05c9 13       		.uleb128 0x13
 1368 05ca C3020000 		.4byte	.LASF44
 1369 05ce C3020000 		.4byte	.LASF44
 1370 05d2 0F       		.byte	0xf
 1371 05d3 76       		.byte	0x76
 1372 05d4 00       		.byte	0
 1373              		.section	.debug_abbrev,"",%progbits
 1374              	.Ldebug_abbrev0:
 1375 0000 01       		.uleb128 0x1
 1376 0001 11       		.uleb128 0x11
 1377 0002 01       		.byte	0x1
 1378 0003 25       		.uleb128 0x25
 1379 0004 0E       		.uleb128 0xe
 1380 0005 13       		.uleb128 0x13
 1381 0006 0B       		.uleb128 0xb
 1382 0007 03       		.uleb128 0x3
 1383 0008 0E       		.uleb128 0xe
 1384 0009 1B       		.uleb128 0x1b
 1385 000a 0E       		.uleb128 0xe
 1386 000b 55       		.uleb128 0x55
 1387 000c 17       		.uleb128 0x17
 1388 000d 11       		.uleb128 0x11
 1389 000e 01       		.uleb128 0x1
 1390 000f 10       		.uleb128 0x10
 1391 0010 17       		.uleb128 0x17
 1392 0011 00       		.byte	0
 1393 0012 00       		.byte	0
 1394 0013 02       		.uleb128 0x2
 1395 0014 24       		.uleb128 0x24
 1396 0015 00       		.byte	0
 1397 0016 0B       		.uleb128 0xb
 1398 0017 0B       		.uleb128 0xb
 1399 0018 3E       		.uleb128 0x3e
 1400 0019 0B       		.uleb128 0xb
 1401 001a 03       		.uleb128 0x3
 1402 001b 0E       		.uleb128 0xe
 1403 001c 00       		.byte	0
 1404 001d 00       		.byte	0
 1405 001e 03       		.uleb128 0x3
 1406 001f 16       		.uleb128 0x16
 1407 0020 00       		.byte	0
 1408 0021 03       		.uleb128 0x3
 1409 0022 0E       		.uleb128 0xe
ARM GAS  C:\Users\nikod\AppData\Local\Temp\ccZW2Ut4.s 			page 30


 1410 0023 3A       		.uleb128 0x3a
 1411 0024 0B       		.uleb128 0xb
 1412 0025 3B       		.uleb128 0x3b
 1413 0026 0B       		.uleb128 0xb
 1414 0027 49       		.uleb128 0x49
 1415 0028 13       		.uleb128 0x13
 1416 0029 00       		.byte	0
 1417 002a 00       		.byte	0
 1418 002b 04       		.uleb128 0x4
 1419 002c 24       		.uleb128 0x24
 1420 002d 00       		.byte	0
 1421 002e 0B       		.uleb128 0xb
 1422 002f 0B       		.uleb128 0xb
 1423 0030 3E       		.uleb128 0x3e
 1424 0031 0B       		.uleb128 0xb
 1425 0032 03       		.uleb128 0x3
 1426 0033 08       		.uleb128 0x8
 1427 0034 00       		.byte	0
 1428 0035 00       		.byte	0
 1429 0036 05       		.uleb128 0x5
 1430 0037 16       		.uleb128 0x16
 1431 0038 00       		.byte	0
 1432 0039 03       		.uleb128 0x3
 1433 003a 0E       		.uleb128 0xe
 1434 003b 3A       		.uleb128 0x3a
 1435 003c 0B       		.uleb128 0xb
 1436 003d 3B       		.uleb128 0x3b
 1437 003e 05       		.uleb128 0x5
 1438 003f 49       		.uleb128 0x49
 1439 0040 13       		.uleb128 0x13
 1440 0041 00       		.byte	0
 1441 0042 00       		.byte	0
 1442 0043 06       		.uleb128 0x6
 1443 0044 35       		.uleb128 0x35
 1444 0045 00       		.byte	0
 1445 0046 49       		.uleb128 0x49
 1446 0047 13       		.uleb128 0x13
 1447 0048 00       		.byte	0
 1448 0049 00       		.byte	0
 1449 004a 07       		.uleb128 0x7
 1450 004b 2E       		.uleb128 0x2e
 1451 004c 00       		.byte	0
 1452 004d 3F       		.uleb128 0x3f
 1453 004e 19       		.uleb128 0x19
 1454 004f 03       		.uleb128 0x3
 1455 0050 0E       		.uleb128 0xe
 1456 0051 3A       		.uleb128 0x3a
 1457 0052 0B       		.uleb128 0xb
 1458 0053 3B       		.uleb128 0x3b
 1459 0054 0B       		.uleb128 0xb
 1460 0055 27       		.uleb128 0x27
 1461 0056 19       		.uleb128 0x19
 1462 0057 11       		.uleb128 0x11
 1463 0058 01       		.uleb128 0x1
 1464 0059 12       		.uleb128 0x12
 1465 005a 06       		.uleb128 0x6
 1466 005b 40       		.uleb128 0x40
ARM GAS  C:\Users\nikod\AppData\Local\Temp\ccZW2Ut4.s 			page 31


 1467 005c 18       		.uleb128 0x18
 1468 005d 9742     		.uleb128 0x2117
 1469 005f 19       		.uleb128 0x19
 1470 0060 00       		.byte	0
 1471 0061 00       		.byte	0
 1472 0062 08       		.uleb128 0x8
 1473 0063 2E       		.uleb128 0x2e
 1474 0064 01       		.byte	0x1
 1475 0065 3F       		.uleb128 0x3f
 1476 0066 19       		.uleb128 0x19
 1477 0067 03       		.uleb128 0x3
 1478 0068 0E       		.uleb128 0xe
 1479 0069 3A       		.uleb128 0x3a
 1480 006a 0B       		.uleb128 0xb
 1481 006b 3B       		.uleb128 0x3b
 1482 006c 0B       		.uleb128 0xb
 1483 006d 27       		.uleb128 0x27
 1484 006e 19       		.uleb128 0x19
 1485 006f 11       		.uleb128 0x11
 1486 0070 01       		.uleb128 0x1
 1487 0071 12       		.uleb128 0x12
 1488 0072 06       		.uleb128 0x6
 1489 0073 40       		.uleb128 0x40
 1490 0074 18       		.uleb128 0x18
 1491 0075 9742     		.uleb128 0x2117
 1492 0077 19       		.uleb128 0x19
 1493 0078 01       		.uleb128 0x1
 1494 0079 13       		.uleb128 0x13
 1495 007a 00       		.byte	0
 1496 007b 00       		.byte	0
 1497 007c 09       		.uleb128 0x9
 1498 007d 898201   		.uleb128 0x4109
 1499 0080 01       		.byte	0x1
 1500 0081 11       		.uleb128 0x11
 1501 0082 01       		.uleb128 0x1
 1502 0083 31       		.uleb128 0x31
 1503 0084 13       		.uleb128 0x13
 1504 0085 01       		.uleb128 0x1
 1505 0086 13       		.uleb128 0x13
 1506 0087 00       		.byte	0
 1507 0088 00       		.byte	0
 1508 0089 0A       		.uleb128 0xa
 1509 008a 8A8201   		.uleb128 0x410a
 1510 008d 00       		.byte	0
 1511 008e 02       		.uleb128 0x2
 1512 008f 18       		.uleb128 0x18
 1513 0090 9142     		.uleb128 0x2111
 1514 0092 18       		.uleb128 0x18
 1515 0093 00       		.byte	0
 1516 0094 00       		.byte	0
 1517 0095 0B       		.uleb128 0xb
 1518 0096 898201   		.uleb128 0x4109
 1519 0099 01       		.byte	0x1
 1520 009a 11       		.uleb128 0x11
 1521 009b 01       		.uleb128 0x1
 1522 009c 31       		.uleb128 0x31
 1523 009d 13       		.uleb128 0x13
ARM GAS  C:\Users\nikod\AppData\Local\Temp\ccZW2Ut4.s 			page 32


 1524 009e 00       		.byte	0
 1525 009f 00       		.byte	0
 1526 00a0 0C       		.uleb128 0xc
 1527 00a1 2E       		.uleb128 0x2e
 1528 00a2 01       		.byte	0x1
 1529 00a3 3F       		.uleb128 0x3f
 1530 00a4 19       		.uleb128 0x19
 1531 00a5 03       		.uleb128 0x3
 1532 00a6 0E       		.uleb128 0xe
 1533 00a7 3A       		.uleb128 0x3a
 1534 00a8 0B       		.uleb128 0xb
 1535 00a9 3B       		.uleb128 0x3b
 1536 00aa 0B       		.uleb128 0xb
 1537 00ab 27       		.uleb128 0x27
 1538 00ac 19       		.uleb128 0x19
 1539 00ad 11       		.uleb128 0x11
 1540 00ae 01       		.uleb128 0x1
 1541 00af 12       		.uleb128 0x12
 1542 00b0 06       		.uleb128 0x6
 1543 00b1 40       		.uleb128 0x40
 1544 00b2 18       		.uleb128 0x18
 1545 00b3 9642     		.uleb128 0x2116
 1546 00b5 19       		.uleb128 0x19
 1547 00b6 01       		.uleb128 0x1
 1548 00b7 13       		.uleb128 0x13
 1549 00b8 00       		.byte	0
 1550 00b9 00       		.byte	0
 1551 00ba 0D       		.uleb128 0xd
 1552 00bb 05       		.uleb128 0x5
 1553 00bc 00       		.byte	0
 1554 00bd 03       		.uleb128 0x3
 1555 00be 0E       		.uleb128 0xe
 1556 00bf 3A       		.uleb128 0x3a
 1557 00c0 0B       		.uleb128 0xb
 1558 00c1 3B       		.uleb128 0x3b
 1559 00c2 0B       		.uleb128 0xb
 1560 00c3 49       		.uleb128 0x49
 1561 00c4 13       		.uleb128 0x13
 1562 00c5 02       		.uleb128 0x2
 1563 00c6 17       		.uleb128 0x17
 1564 00c7 00       		.byte	0
 1565 00c8 00       		.byte	0
 1566 00c9 0E       		.uleb128 0xe
 1567 00ca 898201   		.uleb128 0x4109
 1568 00cd 00       		.byte	0
 1569 00ce 11       		.uleb128 0x11
 1570 00cf 01       		.uleb128 0x1
 1571 00d0 31       		.uleb128 0x31
 1572 00d1 13       		.uleb128 0x13
 1573 00d2 00       		.byte	0
 1574 00d3 00       		.byte	0
 1575 00d4 0F       		.uleb128 0xf
 1576 00d5 2E       		.uleb128 0x2e
 1577 00d6 01       		.byte	0x1
 1578 00d7 3F       		.uleb128 0x3f
 1579 00d8 19       		.uleb128 0x19
 1580 00d9 03       		.uleb128 0x3
ARM GAS  C:\Users\nikod\AppData\Local\Temp\ccZW2Ut4.s 			page 33


 1581 00da 0E       		.uleb128 0xe
 1582 00db 3A       		.uleb128 0x3a
 1583 00dc 0B       		.uleb128 0xb
 1584 00dd 3B       		.uleb128 0x3b
 1585 00de 0B       		.uleb128 0xb
 1586 00df 27       		.uleb128 0x27
 1587 00e0 19       		.uleb128 0x19
 1588 00e1 49       		.uleb128 0x49
 1589 00e2 13       		.uleb128 0x13
 1590 00e3 8701     		.uleb128 0x87
 1591 00e5 19       		.uleb128 0x19
 1592 00e6 11       		.uleb128 0x11
 1593 00e7 01       		.uleb128 0x1
 1594 00e8 12       		.uleb128 0x12
 1595 00e9 06       		.uleb128 0x6
 1596 00ea 40       		.uleb128 0x40
 1597 00eb 18       		.uleb128 0x18
 1598 00ec 9742     		.uleb128 0x2117
 1599 00ee 19       		.uleb128 0x19
 1600 00ef 01       		.uleb128 0x1
 1601 00f0 13       		.uleb128 0x13
 1602 00f1 00       		.byte	0
 1603 00f2 00       		.byte	0
 1604 00f3 10       		.uleb128 0x10
 1605 00f4 34       		.uleb128 0x34
 1606 00f5 00       		.byte	0
 1607 00f6 03       		.uleb128 0x3
 1608 00f7 0E       		.uleb128 0xe
 1609 00f8 3A       		.uleb128 0x3a
 1610 00f9 0B       		.uleb128 0xb
 1611 00fa 3B       		.uleb128 0x3b
 1612 00fb 05       		.uleb128 0x5
 1613 00fc 49       		.uleb128 0x49
 1614 00fd 13       		.uleb128 0x13
 1615 00fe 3F       		.uleb128 0x3f
 1616 00ff 19       		.uleb128 0x19
 1617 0100 3C       		.uleb128 0x3c
 1618 0101 19       		.uleb128 0x19
 1619 0102 00       		.byte	0
 1620 0103 00       		.byte	0
 1621 0104 11       		.uleb128 0x11
 1622 0105 34       		.uleb128 0x34
 1623 0106 00       		.byte	0
 1624 0107 03       		.uleb128 0x3
 1625 0108 0E       		.uleb128 0xe
 1626 0109 3A       		.uleb128 0x3a
 1627 010a 0B       		.uleb128 0xb
 1628 010b 3B       		.uleb128 0x3b
 1629 010c 0B       		.uleb128 0xb
 1630 010d 49       		.uleb128 0x49
 1631 010e 13       		.uleb128 0x13
 1632 010f 3F       		.uleb128 0x3f
 1633 0110 19       		.uleb128 0x19
 1634 0111 02       		.uleb128 0x2
 1635 0112 18       		.uleb128 0x18
 1636 0113 00       		.byte	0
 1637 0114 00       		.byte	0
ARM GAS  C:\Users\nikod\AppData\Local\Temp\ccZW2Ut4.s 			page 34


 1638 0115 12       		.uleb128 0x12
 1639 0116 34       		.uleb128 0x34
 1640 0117 00       		.byte	0
 1641 0118 03       		.uleb128 0x3
 1642 0119 08       		.uleb128 0x8
 1643 011a 3A       		.uleb128 0x3a
 1644 011b 0B       		.uleb128 0xb
 1645 011c 3B       		.uleb128 0x3b
 1646 011d 0B       		.uleb128 0xb
 1647 011e 49       		.uleb128 0x49
 1648 011f 13       		.uleb128 0x13
 1649 0120 3F       		.uleb128 0x3f
 1650 0121 19       		.uleb128 0x19
 1651 0122 02       		.uleb128 0x2
 1652 0123 18       		.uleb128 0x18
 1653 0124 00       		.byte	0
 1654 0125 00       		.byte	0
 1655 0126 13       		.uleb128 0x13
 1656 0127 2E       		.uleb128 0x2e
 1657 0128 00       		.byte	0
 1658 0129 3F       		.uleb128 0x3f
 1659 012a 19       		.uleb128 0x19
 1660 012b 3C       		.uleb128 0x3c
 1661 012c 19       		.uleb128 0x19
 1662 012d 6E       		.uleb128 0x6e
 1663 012e 0E       		.uleb128 0xe
 1664 012f 03       		.uleb128 0x3
 1665 0130 0E       		.uleb128 0xe
 1666 0131 3A       		.uleb128 0x3a
 1667 0132 0B       		.uleb128 0xb
 1668 0133 3B       		.uleb128 0x3b
 1669 0134 0B       		.uleb128 0xb
 1670 0135 00       		.byte	0
 1671 0136 00       		.byte	0
 1672 0137 00       		.byte	0
 1673              		.section	.debug_loc,"",%progbits
 1674              	.Ldebug_loc0:
 1675              	.LLST0:
 1676 0000 00000000 		.4byte	.LVL4
 1677 0004 14000000 		.4byte	.LVL5
 1678 0008 0100     		.2byte	0x1
 1679 000a 50       		.byte	0x50
 1680 000b 14000000 		.4byte	.LVL5
 1681 000f 4A000000 		.4byte	.LVL12
 1682 0013 0400     		.2byte	0x4
 1683 0015 F3       		.byte	0xf3
 1684 0016 01       		.uleb128 0x1
 1685 0017 50       		.byte	0x50
 1686 0018 9F       		.byte	0x9f
 1687 0019 4A000000 		.4byte	.LVL12
 1688 001d 58000000 		.4byte	.LVL13
 1689 0021 0100     		.2byte	0x1
 1690 0023 50       		.byte	0x50
 1691 0024 58000000 		.4byte	.LVL13
 1692 0028 5E000000 		.4byte	.LVL14
 1693 002c 0400     		.2byte	0x4
 1694 002e F3       		.byte	0xf3
ARM GAS  C:\Users\nikod\AppData\Local\Temp\ccZW2Ut4.s 			page 35


 1695 002f 01       		.uleb128 0x1
 1696 0030 50       		.byte	0x50
 1697 0031 9F       		.byte	0x9f
 1698 0032 5E000000 		.4byte	.LVL14
 1699 0036 6C000000 		.4byte	.LVL15
 1700 003a 0100     		.2byte	0x1
 1701 003c 50       		.byte	0x50
 1702 003d 6C000000 		.4byte	.LVL15
 1703 0041 A8000000 		.4byte	.LFE64
 1704 0045 0400     		.2byte	0x4
 1705 0047 F3       		.byte	0xf3
 1706 0048 01       		.uleb128 0x1
 1707 0049 50       		.byte	0x50
 1708 004a 9F       		.byte	0x9f
 1709 004b 00000000 		.4byte	0
 1710 004f 00000000 		.4byte	0
 1711              		.section	.debug_aranges,"",%progbits
 1712 0000 3C000000 		.4byte	0x3c
 1713 0004 0200     		.2byte	0x2
 1714 0006 00000000 		.4byte	.Ldebug_info0
 1715 000a 04       		.byte	0x4
 1716 000b 00       		.byte	0
 1717 000c 0000     		.2byte	0
 1718 000e 0000     		.2byte	0
 1719 0010 00000000 		.4byte	.LFB66
 1720 0014 14000000 		.4byte	.LFE66-.LFB66
 1721 0018 00000000 		.4byte	.LFB65
 1722 001c 54000000 		.4byte	.LFE65-.LFB65
 1723 0020 00000000 		.4byte	.LFB64
 1724 0024 A8000000 		.4byte	.LFE64-.LFB64
 1725 0028 00000000 		.4byte	.LFB67
 1726 002c C4000000 		.4byte	.LFE67-.LFB67
 1727 0030 00000000 		.4byte	.LFB68
 1728 0034 A4000000 		.4byte	.LFE68-.LFB68
 1729 0038 00000000 		.4byte	0
 1730 003c 00000000 		.4byte	0
 1731              		.section	.debug_ranges,"",%progbits
 1732              	.Ldebug_ranges0:
 1733 0000 00000000 		.4byte	.LFB66
 1734 0004 14000000 		.4byte	.LFE66
 1735 0008 00000000 		.4byte	.LFB65
 1736 000c 54000000 		.4byte	.LFE65
 1737 0010 00000000 		.4byte	.LFB64
 1738 0014 A8000000 		.4byte	.LFE64
 1739 0018 00000000 		.4byte	.LFB67
 1740 001c C4000000 		.4byte	.LFE67
 1741 0020 00000000 		.4byte	.LFB68
 1742 0024 A4000000 		.4byte	.LFE68
 1743 0028 00000000 		.4byte	0
 1744 002c 00000000 		.4byte	0
 1745              		.section	.debug_line,"",%progbits
 1746              	.Ldebug_line0:
 1747 0000 78020000 		.section	.debug_str,"MS",%progbits,1
 1747      0200C301 
 1747      00000201 
 1747      FB0E0D00 
 1747      01010101 
ARM GAS  C:\Users\nikod\AppData\Local\Temp\ccZW2Ut4.s 			page 36


 1748              	.LASF33:
 1749 0000 50305F52 		.ascii	"P0_Read\000"
 1749      65616400 
 1750              	.LASF26:
 1751 0008 64697369 		.ascii	"dising\000"
 1751      6E6700
 1752              	.LASF43:
 1753 000f 50494E54 		.ascii	"PINT_Read\000"
 1753      5F526561 
 1753      6400
 1754              	.LASF13:
 1755 0019 666C6F61 		.ascii	"float\000"
 1755      7400
 1756              	.LASF9:
 1757 001f 5F5F696E 		.ascii	"__int32_t\000"
 1757      7433325F 
 1757      7400
 1758              	.LASF3:
 1759 0029 73686F72 		.ascii	"short unsigned int\000"
 1759      7420756E 
 1759      7369676E 
 1759      65642069 
 1759      6E7400
 1760              	.LASF10:
 1761 003c 696E7433 		.ascii	"int32_t\000"
 1761      325F7400 
 1762              	.LASF48:
 1763 0044 4953525F 		.ascii	"ISR_Timer2\000"
 1763      54696D65 
 1763      723200
 1764              	.LASF20:
 1765 004f 4953525F 		.ascii	"ISR_KEY\000"
 1765      4B455900 
 1766              	.LASF38:
 1767 0057 4C43445F 		.ascii	"LCD_Start\000"
 1767      53746172 
 1767      7400
 1768              	.LASF1:
 1769 0061 756E7369 		.ascii	"unsigned char\000"
 1769      676E6564 
 1769      20636861 
 1769      7200
 1770              	.LASF45:
 1771 006f 474E5520 		.ascii	"GNU C11 5.4.1 20160609 (release) [ARM/embedded-5-br"
 1771      43313120 
 1771      352E342E 
 1771      31203230 
 1771      31363036 
 1772 00a2 616E6368 		.ascii	"anch revision 237715] -mcpu=cortex-m3 -mthumb -g -O"
 1772      20726576 
 1772      6973696F 
 1772      6E203233 
 1772      37373135 
 1773 00d5 67202D66 		.ascii	"g -ffunction-sections -ffat-lto-objects\000"
 1773      66756E63 
 1773      74696F6E 
 1773      2D736563 
ARM GAS  C:\Users\nikod\AppData\Local\Temp\ccZW2Ut4.s 			page 37


 1773      74696F6E 
 1774              	.LASF5:
 1775 00fd 6C6F6E67 		.ascii	"long unsigned int\000"
 1775      20756E73 
 1775      69676E65 
 1775      6420696E 
 1775      7400
 1776              	.LASF18:
 1777 010f 4953525F 		.ascii	"ISR_Timer\000"
 1777      54696D65 
 1777      7200
 1778              	.LASF49:
 1779 0119 6E756D65 		.ascii	"numero\000"
 1779      726F00
 1780              	.LASF47:
 1781 0120 433A5C55 		.ascii	"C:\\Users\\nikod\\Documents\\PSoC Creator\\Encoder_"
 1781      73657273 
 1781      5C6E696B 
 1781      6F645C44 
 1781      6F63756D 
 1782 014e 50536F43 		.ascii	"PSoC\\Motor.cydsn\000"
 1782      5C4D6F74 
 1782      6F722E63 
 1782      7964736E 
 1782      00
 1783              	.LASF21:
 1784 015f 49544D5F 		.ascii	"ITM_RxBuffer\000"
 1784      52784275 
 1784      66666572 
 1784      00
 1785              	.LASF35:
 1786 016c 4953525F 		.ascii	"ISR_T_1_StartEx\000"
 1786      545F315F 
 1786      53746172 
 1786      74457800 
 1787              	.LASF19:
 1788 017c 76697375 		.ascii	"visual\000"
 1788      616C00
 1789              	.LASF14:
 1790 0183 646F7562 		.ascii	"double\000"
 1790      6C6500
 1791              	.LASF12:
 1792 018a 75696E74 		.ascii	"uint16\000"
 1792      313600
 1793              	.LASF37:
 1794 0191 4952535F 		.ascii	"IRS_key_StartEx\000"
 1794      6B65795F 
 1794      53746172 
 1794      74457800 
 1795              	.LASF50:
 1796 01a1 6D61696E 		.ascii	"main\000"
 1796      00
 1797              	.LASF34:
 1798 01a6 4B65795F 		.ascii	"Key_ClearInterrupt\000"
 1798      436C6561 
 1798      72496E74 
 1798      65727275 
ARM GAS  C:\Users\nikod\AppData\Local\Temp\ccZW2Ut4.s 			page 38


 1798      707400
 1799              	.LASF30:
 1800 01b9 4C43445F 		.ascii	"LCD_PrintString\000"
 1800      5072696E 
 1800      74537472 
 1800      696E6700 
 1801              	.LASF42:
 1802 01c9 43794465 		.ascii	"CyDelayUs\000"
 1802      6C617955 
 1802      7300
 1803              	.LASF28:
 1804 01d3 50305F57 		.ascii	"P0_Write\000"
 1804      72697465 
 1804      00
 1805              	.LASF39:
 1806 01dc 54696D65 		.ascii	"Timer_Start\000"
 1806      725F5374 
 1806      61727400 
 1807              	.LASF8:
 1808 01e8 756E7369 		.ascii	"unsigned int\000"
 1808      676E6564 
 1808      20696E74 
 1808      00
 1809              	.LASF40:
 1810 01f5 54696D65 		.ascii	"Timer2_Start\000"
 1810      72325F53 
 1810      74617274 
 1810      00
 1811              	.LASF7:
 1812 0202 6C6F6E67 		.ascii	"long long unsigned int\000"
 1812      206C6F6E 
 1812      6720756E 
 1812      7369676E 
 1812      65642069 
 1813              	.LASF29:
 1814 0219 4C43445F 		.ascii	"LCD_Position\000"
 1814      506F7369 
 1814      74696F6E 
 1814      00
 1815              	.LASF31:
 1816 0226 4C43445F 		.ascii	"LCD_PrintU32Number\000"
 1816      5072696E 
 1816      74553332 
 1816      4E756D62 
 1816      657200
 1817              	.LASF24:
 1818 0239 73656C65 		.ascii	"seleccion\000"
 1818      6363696F 
 1818      6E00
 1819              	.LASF41:
 1820 0243 504F5554 		.ascii	"POUT_Write\000"
 1820      5F577269 
 1820      746500
 1821              	.LASF16:
 1822 024e 6C6F6E67 		.ascii	"long double\000"
 1822      20646F75 
 1822      626C6500 
ARM GAS  C:\Users\nikod\AppData\Local\Temp\ccZW2Ut4.s 			page 39


 1823              	.LASF17:
 1824 025a 73697A65 		.ascii	"sizetype\000"
 1824      74797065 
 1824      00
 1825              	.LASF6:
 1826 0263 6C6F6E67 		.ascii	"long long int\000"
 1826      206C6F6E 
 1826      6720696E 
 1826      7400
 1827              	.LASF22:
 1828 0271 636F6E74 		.ascii	"contd\000"
 1828      6400
 1829              	.LASF46:
 1830 0277 6D61696E 		.ascii	"main.c\000"
 1830      2E6300
 1831              	.LASF15:
 1832 027e 63686172 		.ascii	"char\000"
 1832      00
 1833              	.LASF2:
 1834 0283 73686F72 		.ascii	"short int\000"
 1834      7420696E 
 1834      7400
 1835              	.LASF36:
 1836 028d 4953525F 		.ascii	"ISR_T_2_StartEx\000"
 1836      545F325F 
 1836      53746172 
 1836      74457800 
 1837              	.LASF11:
 1838 029d 75696E74 		.ascii	"uint8\000"
 1838      3800
 1839              	.LASF4:
 1840 02a3 6C6F6E67 		.ascii	"long int\000"
 1840      20696E74 
 1840      00
 1841              	.LASF23:
 1842 02ac 636F6E74 		.ascii	"cont\000"
 1842      00
 1843              	.LASF0:
 1844 02b1 7369676E 		.ascii	"signed char\000"
 1844      65642063 
 1844      68617200 
 1845              	.LASF25:
 1846 02bd 5F426F6F 		.ascii	"_Bool\000"
 1846      6C00
 1847              	.LASF44:
 1848 02c3 43794465 		.ascii	"CyDelay\000"
 1848      6C617900 
 1849              	.LASF32:
 1850 02cb 4B65795F 		.ascii	"Key_Read\000"
 1850      52656164 
 1850      00
 1851              	.LASF27:
 1852 02d4 64697369 		.ascii	"disingaux\000"
 1852      6E676175 
 1852      7800
 1853              		.ident	"GCC: (GNU Tools for ARM Embedded Processors) 5.4.1 20160609 (release) [ARM/embedded-5-bran
