--------------- Build Started: 05/16/2019 12:13:19 Project: Motor, Configuration: ARM GCC 5.4-2016-q2-update Debug ---------------
cydsfit.exe -.appdatapath "C:\Users\nikod\AppData\Local\Cypress Semiconductor\PSoC Creator\4.2" -.fdsnotice -.fdswarpdepfile=warp_dependencies.txt -.fdselabdepfile=elab_dependencies.txt -.fdsbldfile=generated_files.txt -.fdsreffile=referenced_files.txt -p "C:\Users\nikod\Documents\PSoC Creator\Encoder_PSoC\Motor.cydsn\Motor.cyprj" -d CY8C5888LTI-LP097 -s "C:\Users\nikod\Documents\PSoC Creator\Encoder_PSoC\Motor.cydsn\Generated_Source\PSoC5" -- -yv2 -q10 -ygs -o2 -v3 -.fftcfgtype=LE
Elaborating Design...
HDL Generation...
Synthesis...
Tech Mapping...
ADD: pft.M0040: information: The following 1 pin(s) will be assigned a location by the fitter: Llenar(0)
Analog Placement...
Analog Routing...
Analog Code Generation...
Digital Placement...
Digital Routing...
Bitstream Generation...
Bitstream Verification...
Static timing analysis...
API Generation...
Dependency Generation...
Cleanup...
Unable to add item 'clock' to 'PSoC5'. 'A file of the given name already exists. Please enter a valid name.'
Unable to add item 'clock' to 'PSoC5'. 'A file of the given name already exists. Please enter a valid name.'
Unable to add item 'clock_1' to 'PSoC5'. 'A file of the given name already exists. Please enter a valid name.'
Unable to add item 'clock_1' to 'PSoC5'. 'A file of the given name already exists. Please enter a valid name.'
--------------- Build Succeeded: 05/16/2019 12:15:43 ---------------
